<?xml version="1.0" encoding="UTF-8"?>
<!-- Generated by org.testng.reporters.JUnitXMLReporter -->
<testsuite ignored="0" hostname="naveenautomationlabss-MacBook-Pro.local" failures="9" tests="59" name="Surefire test" time="82.555" errors="0" timestamp="2025-04-15T00:08:05 IST">
  <testcase classname="GETAPITestsWithBDD.ContactsAPIsTest" name="getContactsAPITest" time="1.968">
    <failure type="java.lang.AssertionError" message="1 expectation failed.
Expected status code &amp;lt;200&amp;gt; but was &amp;lt;401&amp;gt;.
">
      <![CDATA[java.lang.AssertionError: 1 expectation failed.
Expected status code <200> but was <401>.

at org.codehaus.groovy.runtime.callsite.ConstructorSite$ConstructorSiteNoUnwrap.callConstructor(ConstructorSite.java:86)
at org.codehaus.groovy.runtime.callsite.CallSiteArray.defaultCallConstructor(CallSiteArray.java:57)
at org.codehaus.groovy.runtime.callsite.AbstractCallSite.callConstructor(AbstractCallSite.java:263)
at org.codehaus.groovy.runtime.callsite.AbstractCallSite.callConstructor(AbstractCallSite.java:277)
at io.restassured.internal.ResponseSpecificationImpl$HamcrestAssertionClosure.validate(ResponseSpecificationImpl.groovy:512)
at io.restassured.internal.ResponseSpecificationImpl$HamcrestAssertionClosure$validate$1.call(Unknown Source)
at org.codehaus.groovy.runtime.callsite.CallSiteArray.defaultCall(CallSiteArray.java:45)
at org.codehaus.groovy.runtime.callsite.AbstractCallSite.call(AbstractCallSite.java:125)
at org.codehaus.groovy.runtime.callsite.AbstractCallSite.call(AbstractCallSite.java:139)
at io.restassured.internal.ResponseSpecificationImpl.validateResponseIfRequired(ResponseSpecificationImpl.groovy:696)
at io.restassured.internal.ResponseSpecificationImpl.this$2$validateResponseIfRequired(ResponseSpecificationImpl.groovy)
at org.codehaus.groovy.runtime.callsite.PlainObjectMetaMethodSite.doInvoke(PlainObjectMetaMethodSite.java:43)
at org.codehaus.groovy.runtime.callsite.PogoMetaMethodSite$PogoCachedMethodSiteNoUnwrapNoCoerce.invoke(PogoMetaMethodSite.java:198)
at org.codehaus.groovy.runtime.callsite.PogoMetaMethodSite.callCurrent(PogoMetaMethodSite.java:62)
at org.codehaus.groovy.runtime.callsite.AbstractCallSite.callCurrent(AbstractCallSite.java:185)
at io.restassured.internal.ResponseSpecificationImpl.statusCode(ResponseSpecificationImpl.groovy:135)
at io.restassured.specification.ResponseSpecification$statusCode$2.callCurrent(Unknown Source)
at org.codehaus.groovy.runtime.callsite.CallSiteArray.defaultCallCurrent(CallSiteArray.java:49)
at org.codehaus.groovy.runtime.callsite.AbstractCallSite.callCurrent(AbstractCallSite.java:171)
at org.codehaus.groovy.runtime.callsite.AbstractCallSite.callCurrent(AbstractCallSite.java:185)
at io.restassured.internal.ResponseSpecificationImpl.statusCode(ResponseSpecificationImpl.groovy:143)
at io.restassured.internal.ValidatableResponseOptionsImpl.statusCode(ValidatableResponseOptionsImpl.java:89)
at GETAPITestsWithBDD.ContactsAPIsTest.getContactsAPITest(ContactsAPIsTest.java:33)
at java.base/java.util.ArrayList.forEach(ArrayList.java:1541)
... Removed 42 stack frames]]>
    </failure>
  </testcase> <!-- getContactsAPITest -->
  <testcase classname="GETAPITestsWithBDD.ContactsAPIsTest" name="getContactsAPITest_WithInvalidToken" time="1.128"/>
  <testcase classname="XMLAPIs.XMLPathTest" name="circuitApiTest_Xml" time="1.794"/>
  <testcase classname="XMLAPIs.XMLPathTest" name="getEmailByNameUsingGPath" time="1.07">
    <failure type="java.lang.AssertionError" message="Email mismatch expected [chakrika_naik@sanford.test] but found [[]]">
      <![CDATA[java.lang.AssertionError: Email mismatch expected [chakrika_naik@sanford.test] but found [[]]
at XMLAPIs.XMLPathTest.getEmailByNameUsingGPath(XMLPathTest.java:196)
at java.base/java.util.ArrayList.forEach(ArrayList.java:1541)
... Removed 36 stack frames]]>
    </failure>
  </testcase> <!-- getEmailByNameUsingGPath -->
  <testcase classname="XMLAPIs.XMLPathTest" name="getNameAndEmailByIdUsingGPath" time="0.999">
    <failure type="java.lang.AssertionError" message="Name mismatch expected [Chakrika Naik] but found []">
      <![CDATA[java.lang.AssertionError: Name mismatch expected [Chakrika Naik] but found []
at XMLAPIs.XMLPathTest.getNameAndEmailByIdUsingGPath(XMLPathTest.java:215)
at java.base/java.util.ArrayList.forEach(ArrayList.java:1541)
... Removed 36 stack frames]]>
    </failure>
  </testcase> <!-- getNameAndEmailByIdUsingGPath -->
  <testcase classname="XMLAPIs.XMLPathTest" name="getNameEmailAndIdTypeByIdUsingGPath" time="0.951">
    <failure type="java.lang.AssertionError" message="Name mismatch expected [Chakrika Naik] but found []">
      <![CDATA[java.lang.AssertionError: Name mismatch expected [Chakrika Naik] but found []
at XMLAPIs.XMLPathTest.getNameEmailAndIdTypeByIdUsingGPath(XMLPathTest.java:241)
at java.base/java.util.ArrayList.forEach(ArrayList.java:1541)
... Removed 36 stack frames]]>
    </failure>
  </testcase> <!-- getNameEmailAndIdTypeByIdUsingGPath -->
  <testcase classname="XMLAPIs.XMLPathTest" name="testFetchUserById" time="0.68"/>
  <testcase classname="XMLAPIs.XMLPathTest" name="testFetchUserIdByName" time="0.943"/>
  <testcase classname="XMLAPIs.XMLPathTest" name="xmlPathTest" time="0.348"/>
  <testcase classname="XMLAPIs.XMLPathTest" name="xmlTest" time="0.033"/>
  <testcase classname="XMLAPIs.XMLPathTest" name="xmlTest_With_XMLResponse_Desrialization" time="0.641"/>
  <testcase classname="BookingAPITests.BookingApiFeatureTests" name="createBookingTest" time="1.366"/>
  <testcase classname="BookingAPITests.BookingApiFeatureTests" name="deleteBookingTest" time="3.944"/>
  <testcase classname="BookingAPITests.BookingApiFeatureTests" name="getBookingIdTest" time="2.699"/>
  <testcase classname="BookingAPITests.BookingApiFeatureTests" name="getBookingIdsTest" time="1.686"/>
  <testcase classname="BookingAPITests.BookingApiFeatureTests" name="partialBookingTest" time="4.266"/>
  <testcase classname="BookingAPITests.BookingApiFeatureTests" name="updateBookingTest" time="4.078"/>
  <testcase classname="NewSpecificationConcept.RequestResponseSpecificationTest" name="checkGetTest" time="0.467"/>
  <testcase classname="NewSpecificationConcept.RequestResponseSpecificationTest" name="checkGetWithQueryParamTest" time="0.745"/>
  <testcase classname="NewSpecificationConcept.RequestResponseSpecificationTest" name="checkPOSTTest" time="0.694"/>
  <testcase classname="NewSpecificationConcept.ResponseSpecificationTest" name="reqSpecTest" time="0.402"/>
  <testcase classname="NewSpecificationConcept.RequestSpecReuseTest" name="getAUserTest" time="0.617">
    <failure type="java.lang.AssertionError" message="1 expectation failed.
Expected status code &amp;lt;200&amp;gt; but was &amp;lt;404&amp;gt;.
">
      <![CDATA[java.lang.AssertionError: 1 expectation failed.
Expected status code <200> but was <404>.

at org.codehaus.groovy.runtime.callsite.ConstructorSite$ConstructorSiteNoUnwrap.callConstructor(ConstructorSite.java:86)
at org.codehaus.groovy.runtime.callsite.AbstractCallSite.callConstructor(AbstractCallSite.java:277)
at io.restassured.internal.ResponseSpecificationImpl$HamcrestAssertionClosure.validate(ResponseSpecificationImpl.groovy:512)
at io.restassured.internal.ResponseSpecificationImpl$HamcrestAssertionClosure$validate$1.call(Unknown Source)
at io.restassured.internal.ResponseSpecificationImpl.validateResponseIfRequired(ResponseSpecificationImpl.groovy:696)
at io.restassured.internal.ResponseSpecificationImpl.this$2$validateResponseIfRequired(ResponseSpecificationImpl.groovy)
at org.codehaus.groovy.runtime.callsite.PlainObjectMetaMethodSite.doInvoke(PlainObjectMetaMethodSite.java:43)
at org.codehaus.groovy.runtime.callsite.PogoMetaMethodSite$PogoCachedMethodSiteNoUnwrapNoCoerce.invoke(PogoMetaMethodSite.java:198)
at org.codehaus.groovy.runtime.callsite.PogoMetaMethodSite.callCurrent(PogoMetaMethodSite.java:62)
at org.codehaus.groovy.runtime.callsite.AbstractCallSite.callCurrent(AbstractCallSite.java:185)
at io.restassured.internal.ResponseSpecificationImpl.statusCode(ResponseSpecificationImpl.groovy:135)
at io.restassured.specification.ResponseSpecification$statusCode$2.callCurrent(Unknown Source)
at io.restassured.internal.ResponseSpecificationImpl.statusCode(ResponseSpecificationImpl.groovy:143)
at io.restassured.internal.ValidatableResponseOptionsImpl.statusCode(ValidatableResponseOptionsImpl.java:89)
at NewSpecificationConcept.RequestSpecReuseTest.getAUserTest(RequestSpecReuseTest.java:39)
at java.base/java.util.ArrayList.forEach(ArrayList.java:1541)
... Removed 41 stack frames]]>
    </failure>
  </testcase> <!-- getAUserTest -->
  <testcase classname="NewSpecificationConcept.RequestSpecReuseTest" name="getUserTest" time="0.977"/>
  <testcase classname="NewSpecificationConcept.RequestSpecReuseTest" name="getWrongUserTest" time="0.934"/>
  <testcase classname="NewSpecificationConcept.RequestSpecificationTest" name="getUserTest" time="1.596">
    <failure type="java.lang.AssertionError" message="1 expectation failed.
Expected status code &amp;lt;200&amp;gt; but was &amp;lt;404&amp;gt;.
">
      <![CDATA[java.lang.AssertionError: 1 expectation failed.
Expected status code <200> but was <404>.

at org.codehaus.groovy.runtime.callsite.ConstructorSite$ConstructorSiteNoUnwrap.callConstructor(ConstructorSite.java:86)
at org.codehaus.groovy.runtime.callsite.AbstractCallSite.callConstructor(AbstractCallSite.java:277)
at io.restassured.internal.ResponseSpecificationImpl$HamcrestAssertionClosure.validate(ResponseSpecificationImpl.groovy:512)
at io.restassured.internal.ResponseSpecificationImpl$HamcrestAssertionClosure$validate$1.call(Unknown Source)
at io.restassured.internal.ResponseSpecificationImpl.validateResponseIfRequired(ResponseSpecificationImpl.groovy:696)
at io.restassured.internal.ResponseSpecificationImpl.this$2$validateResponseIfRequired(ResponseSpecificationImpl.groovy)
at org.codehaus.groovy.runtime.callsite.PlainObjectMetaMethodSite.doInvoke(PlainObjectMetaMethodSite.java:43)
at org.codehaus.groovy.runtime.callsite.PogoMetaMethodSite$PogoCachedMethodSiteNoUnwrapNoCoerce.invoke(PogoMetaMethodSite.java:198)
at org.codehaus.groovy.runtime.callsite.PogoMetaMethodSite.callCurrent(PogoMetaMethodSite.java:62)
at org.codehaus.groovy.runtime.callsite.AbstractCallSite.callCurrent(AbstractCallSite.java:185)
at io.restassured.internal.ResponseSpecificationImpl.statusCode(ResponseSpecificationImpl.groovy:135)
at io.restassured.specification.ResponseSpecification$statusCode$2.callCurrent(Unknown Source)
at io.restassured.internal.ResponseSpecificationImpl.statusCode(ResponseSpecificationImpl.groovy:143)
at io.restassured.internal.ValidatableResponseOptionsImpl.statusCode(ValidatableResponseOptionsImpl.java:89)
at NewSpecificationConcept.RequestSpecificationTest.getUserTest(RequestSpecificationTest.java:59)
at java.base/java.util.ArrayList.forEach(ArrayList.java:1541)
... Removed 41 stack frames]]>
    </failure>
  </testcase> <!-- getUserTest -->
  <testcase classname="NewSpecificationConcept.RequestSpecificationTest" name="getUserTest_With_QueryParam" time="1.012"/>
  <testcase classname="NewSpecificationConcept.RequestSpecificationTest" name="reqSpecTest" time="0.961"/>
  <testcase classname="POSTWithAuthAPI.AuthAPITest" name="getAuthTokenTest_WithJSON" time="1.422"/>
  <testcase classname="POSTWithAuthAPI.AuthAPITest" name="getAuthTokenTest_WithJSONFILE" time="1.337"/>
  <testcase classname="POSTWithAuthAPI.AuthAPITest" name="getAuthTokenTest_WithPOJOClass" time="1.571"/>
  <testcase classname="FakeUserAPITests.CreateFakeUserTest" name="createUserTest_LombokBuilder" time="0.562"/>
  <testcase classname="FakeUserAPITests.CreateFakeUserTest" name="createUserTest_LombokPojo" time="0.891"/>
  <testcase classname="FakeUserAPITests.CreateFakeUserTest" name="getAuthTokenTest_WithJSONFILE" time="0.954">
    <failure type="java.lang.AssertionError" message="1 expectation failed.
Expected status code &amp;lt;201&amp;gt; but was &amp;lt;422&amp;gt;.
">
      <![CDATA[java.lang.AssertionError: 1 expectation failed.
Expected status code <201> but was <422>.

at org.codehaus.groovy.runtime.callsite.ConstructorSite$ConstructorSiteNoUnwrap.callConstructor(ConstructorSite.java:86)
at org.codehaus.groovy.runtime.callsite.AbstractCallSite.callConstructor(AbstractCallSite.java:277)
at io.restassured.internal.ResponseSpecificationImpl$HamcrestAssertionClosure.validate(ResponseSpecificationImpl.groovy:512)
at io.restassured.internal.ResponseSpecificationImpl$HamcrestAssertionClosure$validate$1.call(Unknown Source)
at io.restassured.internal.ResponseSpecificationImpl.validateResponseIfRequired(ResponseSpecificationImpl.groovy:696)
at io.restassured.internal.ResponseSpecificationImpl.this$2$validateResponseIfRequired(ResponseSpecificationImpl.groovy)
at org.codehaus.groovy.runtime.callsite.PlainObjectMetaMethodSite.doInvoke(PlainObjectMetaMethodSite.java:43)
at org.codehaus.groovy.runtime.callsite.PogoMetaMethodSite$PogoCachedMethodSiteNoUnwrapNoCoerce.invoke(PogoMetaMethodSite.java:198)
at org.codehaus.groovy.runtime.callsite.PogoMetaMethodSite.callCurrent(PogoMetaMethodSite.java:62)
at org.codehaus.groovy.runtime.callsite.AbstractCallSite.callCurrent(AbstractCallSite.java:185)
at io.restassured.internal.ResponseSpecificationImpl.statusCode(ResponseSpecificationImpl.groovy:135)
at io.restassured.specification.ResponseSpecification$statusCode$2.callCurrent(Unknown Source)
at io.restassured.internal.ResponseSpecificationImpl.statusCode(ResponseSpecificationImpl.groovy:143)
at io.restassured.internal.ValidatableResponseOptionsImpl.statusCode(ValidatableResponseOptionsImpl.java:89)
at FakeUserAPITests.CreateFakeUserTest.getAuthTokenTest_WithJSONFILE(CreateFakeUserTest.java:105)
at java.base/java.util.ArrayList.forEach(ArrayList.java:1541)
... Removed 41 stack frames]]>
    </failure>
  </testcase> <!-- getAuthTokenTest_WithJSONFILE -->
  <testcase classname="AuthAPIs.OAuth2APITest" name="getFlightDetailsTest_1" time="1.779"/>
  <testcase classname="AuthAPIs.OAuth2APITest" name="getFlightDetailsTest_2" time="1.904"/>
  <testcase classname="AuthAPIs.OAuth1APITest" name="flickAPITest" time="0.527"/>
  <testcase classname="AuthAPIs.SpotfyAPITest" name="getAlbumTest" time="0.232"/>
  <testcase classname="AuthAPIs.AuthAPIsTest" name="basicAuthTest" time="1.939"/>
  <testcase classname="AuthAPIs.AuthAPIsTest" name="digestiveAuthTest" time="1.6"/>
  <testcase classname="AuthAPIs.AuthAPIsTest" name="preemptiveAuthTest" time="1.496"/>
  <testcase classname="POSTAPIWithCreateUser.CreateUserAPITest" name="getAuthTokenTest_UsingStringReplacement" time="0.957"/>
  <testcase classname="POSTAPIWithCreateUser.CreateUserAPITest" name="getAuthTokenTest_WithJSONFILE" time="0.596">
    <failure type="java.lang.AssertionError" message="1 expectation failed.
Expected status code &amp;lt;201&amp;gt; but was &amp;lt;422&amp;gt;.
">
      <![CDATA[java.lang.AssertionError: 1 expectation failed.
Expected status code <201> but was <422>.

at org.codehaus.groovy.runtime.callsite.ConstructorSite$ConstructorSiteNoUnwrap.callConstructor(ConstructorSite.java:86)
at org.codehaus.groovy.runtime.callsite.AbstractCallSite.callConstructor(AbstractCallSite.java:277)
at io.restassured.internal.ResponseSpecificationImpl$HamcrestAssertionClosure.validate(ResponseSpecificationImpl.groovy:512)
at io.restassured.internal.ResponseSpecificationImpl$HamcrestAssertionClosure$validate$1.call(Unknown Source)
at io.restassured.internal.ResponseSpecificationImpl.validateResponseIfRequired(ResponseSpecificationImpl.groovy:696)
at io.restassured.internal.ResponseSpecificationImpl.this$2$validateResponseIfRequired(ResponseSpecificationImpl.groovy)
at org.codehaus.groovy.runtime.callsite.PlainObjectMetaMethodSite.doInvoke(PlainObjectMetaMethodSite.java:43)
at org.codehaus.groovy.runtime.callsite.PogoMetaMethodSite$PogoCachedMethodSiteNoUnwrapNoCoerce.invoke(PogoMetaMethodSite.java:198)
at org.codehaus.groovy.runtime.callsite.PogoMetaMethodSite.callCurrent(PogoMetaMethodSite.java:62)
at org.codehaus.groovy.runtime.callsite.AbstractCallSite.callCurrent(AbstractCallSite.java:185)
at io.restassured.internal.ResponseSpecificationImpl.statusCode(ResponseSpecificationImpl.groovy:135)
at io.restassured.specification.ResponseSpecification$statusCode$2.callCurrent(Unknown Source)
at io.restassured.internal.ResponseSpecificationImpl.statusCode(ResponseSpecificationImpl.groovy:143)
at io.restassured.internal.ValidatableResponseOptionsImpl.statusCode(ValidatableResponseOptionsImpl.java:89)
at POSTAPIWithCreateUser.CreateUserAPITest.getAuthTokenTest_WithJSONFILE(CreateUserAPITest.java:65)
at java.base/java.util.ArrayList.forEach(ArrayList.java:1541)
... Removed 41 stack frames]]>
    </failure>
  </testcase> <!-- getAuthTokenTest_WithJSONFILE -->
  <testcase classname="POSTAPIWithCreateUser.CreateUserAPITest" name="getAuthTokenTest_WithJSONString" time="1.008"/>
  <testcase classname="CertificateHandling.SSLCertificateTest" name="sslTest" time="1.535"/>
  <testcase classname="CertificateHandling.SSLCertificateTest" name="sslTest_With_Config" time="1.368"/>
  <testcase classname="DeserializationProcess.ProductAPIWithTest" name="getProductsTest_With_POJO_Desierlization" time="0.486"/>
  <testcase classname="DeserializationProcess.UserAPITest" name="createUserWith_Lombok" time="1.67"/>
  <testcase classname="JaywayJsonPath.JsonPathTest" name="getProductAPITest_JsonPath" time="0.528"/>
  <testcase classname="JaywayJsonPath.JsonPathTest" name="productApiTest_ConditionalExamples_WithThreeAttributes" time="0.443"/>
  <testcase classname="JaywayJsonPath.JsonPathTest" name="productApiTest_ConditionalExamples_WithTwoAttributes" time="0.425"/>
  <testcase classname="JaywayJsonPath.JsonPathMethodsTest" name="getProductTest" time="0.446"/>
  <testcase classname="XMLAPITests.GORestXMLPathTest" name="Xmltest_With_Deserialization" time="0.615"/>
  <testcase classname="XMLAPITests.GORestXMLPathTest" name="gorestAPITest" time="0.967"/>
  <testcase classname="RequestResponseSpecUsingBuilder.RequestSpecBuilderTest" name="getUser_WithReq_Spec" time="1.097"/>
  <testcase classname="RequestResponseSpecUsingBuilder.RequestSpecBuilderTest" name="getUser_WithReq_Spec_QueryParam" time="0.924"/>
  <testcase classname="RequestResponseSpecUsingBuilder.RequestResponseSpecTest" name="getUserTest" time="0.659"/>
  <testcase classname="RequestResponseSpecUsingBuilder.ResponseSpecBuilderTest" name="getUsersTest" time="0.7"/>
  <testcase classname="RequestResponseSpecUsingBuilder.ResponseSpecBuilderTest" name="getUsers_WithInvalidToken_Test" time="0.593"/>
  <testcase classname="GETAPITestsWithoutBDD.ProductAPIsTest" name="getProductsTest_1" time="1.468">
    <failure type="java.lang.AssertionError" message="expected [200] but found [401]">
      <![CDATA[java.lang.AssertionError: expected [200] but found [401]
at GETAPITestsWithoutBDD.ProductAPIsTest.getProductsTest_1(ProductAPIsTest.java:30)
at java.base/java.util.ArrayList.forEach(ArrayList.java:1541)
... Removed 37 stack frames]]>
    </failure>
  </testcase> <!-- getProductsTest_1 -->
</testsuite> <!-- Surefire test -->
