<!DOCTYPE html PUBLIC "-//W3C//DTD XHTML 1.1//EN" "http://www.w3.org/TR/xhtml11/DTD/xhtml11.dtd">
<html xmlns="http://www.w3.org/1999/xhtml">
<head>
<meta http-equiv="content-type" content="text/html; charset=UTF-8"/>
<title>TestNG Report</title>
<style type="text/css">table {margin-bottom:10px;border-collapse:collapse;empty-cells:show}th,td {border:1px solid #009;padding:.25em .5em}th {vertical-align:bottom}td {vertical-align:top}table a {font-weight:bold}.stripe td {background-color: #E6EBF9}.num {text-align:right}.passedodd td {background-color: #3F3}.passedeven td {background-color: #0A0}.skippedodd td {background-color: #DDD}.skippedeven td {background-color: #CCC}.failedodd td,.attn {background-color: #F33}.failedeven td,.stripe .attn {background-color: #D00}.stacktrace {white-space:pre;font-family:monospace}.totop {font-size:85%;text-align:center;border-bottom:2px solid #000}.invisible {display:none}</style>
</head>
<body>
<table>
<tr><th>Test</th><th># Passed</th><th># Skipped</th><th># Retried</th><th># Failed</th><th>Time (ms)</th><th>Included Groups</th><th>Excluded Groups</th></tr>
<tr><th colspan="7">Surefire suite</th></tr>
<tr><td><a href="#t0">Surefire test</a></td><td class="num">50</td><td class="num">0</td><td class="num">0</td><td class="num attn">9</td><td class="num">82,555</td><td></td><td></td></tr>
</table>
<table id='summary'><thead><tr><th>Class</th><th>Method</th><th>Start</th><th>Time (ms)</th></tr></thead><tbody><tr><th colspan="4">Surefire suite</th></tr></tbody><tbody id="t0"><tr><th colspan="4">Surefire test &#8212; failed</th></tr><tr class="failedeven"><td rowspan="1">FakeUserAPITests.CreateFakeUserTest</td><td><a href="#m0">getAuthTokenTest_WithJSONFILE</a></td><td rowspan="1">1744655854703</td><td rowspan="1">954</td></tr><tr class="failedodd"><td rowspan="1">GETAPITestsWithBDD.ContactsAPIsTest</td><td><a href="#m1">getContactsAPITest</a></td><td rowspan="1">1744655802969</td><td rowspan="1">1968</td></tr><tr class="failedeven"><td rowspan="1">GETAPITestsWithoutBDD.ProductAPIsTest</td><td><a href="#m2">getProductsTest_1</a></td><td rowspan="1">1744655883436</td><td rowspan="1">1468</td></tr><tr class="failedodd"><td rowspan="1">NewSpecificationConcept.RequestSpecReuseTest</td><td><a href="#m3">getAUserTest</a></td><td rowspan="1">1744655842816</td><td rowspan="1">617</td></tr><tr class="failedeven"><td rowspan="1">NewSpecificationConcept.RequestSpecificationTest</td><td><a href="#m4">getUserTest</a></td><td rowspan="1">1744655845345</td><td rowspan="1">1596</td></tr><tr class="failedodd"><td rowspan="1">POSTAPIWithCreateUser.CreateUserAPITest</td><td><a href="#m5">getAuthTokenTest_WithJSONFILE</a></td><td rowspan="1">1744655868459</td><td rowspan="1">596</td></tr><tr class="failedeven"><td rowspan="3">XMLAPIs.XMLPathTest</td><td><a href="#m6">getEmailByNameUsingGPath</a></td><td rowspan="1">1744655807866</td><td rowspan="1">1070</td></tr><tr class="failedeven"><td><a href="#m7">getNameAndEmailByIdUsingGPath</a></td><td rowspan="1">1744655808939</td><td rowspan="1">999</td></tr><tr class="failedeven"><td><a href="#m8">getNameEmailAndIdTypeByIdUsingGPath</a></td><td rowspan="1">1744655809939</td><td rowspan="1">951</td></tr><tr><th colspan="4">Surefire test &#8212; passed</th></tr><tr class="passedeven"><td rowspan="3">AuthAPIs.AuthAPIsTest</td><td><a href="#m9">basicAuthTest</a></td><td rowspan="1">1744655862466</td><td rowspan="1">1939</td></tr><tr class="passedeven"><td><a href="#m10">digestiveAuthTest</a></td><td rowspan="1">1744655864406</td><td rowspan="1">1600</td></tr><tr class="passedeven"><td><a href="#m11">preemptiveAuthTest</a></td><td rowspan="1">1744655866006</td><td rowspan="1">1496</td></tr><tr class="passedodd"><td rowspan="1">AuthAPIs.OAuth1APITest</td><td><a href="#m12">flickAPITest</a></td><td rowspan="1">1744655861518</td><td rowspan="1">527</td></tr><tr class="passedeven"><td rowspan="2">AuthAPIs.OAuth2APITest</td><td><a href="#m13">getFlightDetailsTest_1</a></td><td rowspan="1">1744655856982</td><td rowspan="1">1779</td></tr><tr class="passedeven"><td><a href="#m14">getFlightDetailsTest_2</a></td><td rowspan="1">1744655859614</td><td rowspan="1">1904</td></tr><tr class="passedodd"><td rowspan="1">AuthAPIs.SpotfyAPITest</td><td><a href="#m15">getAlbumTest</a></td><td rowspan="1">1744655862234</td><td rowspan="1">232</td></tr><tr class="passedeven"><td rowspan="6">BookingAPITests.BookingApiFeatureTests</td><td><a href="#m16">createBookingTest</a></td><td rowspan="1">1744655815201</td><td rowspan="1">1366</td></tr><tr class="passedeven"><td><a href="#m17">deleteBookingTest</a></td><td rowspan="1">1744655818001</td><td rowspan="1">3944</td></tr><tr class="passedeven"><td><a href="#m18">getBookingIdTest</a></td><td rowspan="1">1744655823400</td><td rowspan="1">2699</td></tr><tr class="passedeven"><td><a href="#m19">getBookingIdsTest</a></td><td rowspan="1">1744655827470</td><td rowspan="1">1686</td></tr><tr class="passedeven"><td><a href="#m20">partialBookingTest</a></td><td rowspan="1">1744655830808</td><td rowspan="1">4266</td></tr><tr class="passedeven"><td><a href="#m21">updateBookingTest</a></td><td rowspan="1">1744655836427</td><td rowspan="1">4078</td></tr><tr class="passedodd"><td rowspan="2">CertificateHandling.SSLCertificateTest</td><td><a href="#m22">sslTest</a></td><td rowspan="1">1744655870065</td><td rowspan="1">1535</td></tr><tr class="passedodd"><td><a href="#m23">sslTest_With_Config</a></td><td rowspan="1">1744655871602</td><td rowspan="1">1368</td></tr><tr class="passedeven"><td rowspan="1">DeserializationProcess.ProductAPIWithTest</td><td><a href="#m24">getProductsTest_With_POJO_Desierlization</a></td><td rowspan="1">1744655872971</td><td rowspan="1">486</td></tr><tr class="passedodd"><td rowspan="1">DeserializationProcess.UserAPITest</td><td><a href="#m25">createUserWith_Lombok</a></td><td rowspan="1">1744655873457</td><td rowspan="1">1670</td></tr><tr class="passedeven"><td rowspan="2">FakeUserAPITests.CreateFakeUserTest</td><td><a href="#m26">createUserTest_LombokBuilder</a></td><td rowspan="1">1744655853248</td><td rowspan="1">562</td></tr><tr class="passedeven"><td><a href="#m27">createUserTest_LombokPojo</a></td><td rowspan="1">1744655853811</td><td rowspan="1">891</td></tr><tr class="passedodd"><td rowspan="1">GETAPITestsWithBDD.ContactsAPIsTest</td><td><a href="#m28">getContactsAPITest_WithInvalidToken</a></td><td rowspan="1">1744655804942</td><td rowspan="1">1128</td></tr><tr class="passedeven"><td rowspan="1">JaywayJsonPath.JsonPathMethodsTest</td><td><a href="#m29">getProductTest</a></td><td rowspan="1">1744655876525</td><td rowspan="1">446</td></tr><tr class="passedodd"><td rowspan="3">JaywayJsonPath.JsonPathTest</td><td><a href="#m30">getProductAPITest_JsonPath</a></td><td rowspan="1">1744655875128</td><td rowspan="1">528</td></tr><tr class="passedodd"><td><a href="#m31">productApiTest_ConditionalExamples_WithThreeAttributes</a></td><td rowspan="1">1744655875656</td><td rowspan="1">443</td></tr><tr class="passedodd"><td><a href="#m32">productApiTest_ConditionalExamples_WithTwoAttributes</a></td><td rowspan="1">1744655876099</td><td rowspan="1">425</td></tr><tr class="passedeven"><td rowspan="3">NewSpecificationConcept.RequestResponseSpecificationTest</td><td><a href="#m33">checkGetTest</a></td><td rowspan="1">1744655840506</td><td rowspan="1">467</td></tr><tr class="passedeven"><td><a href="#m34">checkGetWithQueryParamTest</a></td><td rowspan="1">1744655840973</td><td rowspan="1">745</td></tr><tr class="passedeven"><td><a href="#m35">checkPOSTTest</a></td><td rowspan="1">1744655841719</td><td rowspan="1">694</td></tr><tr class="passedodd"><td rowspan="2">NewSpecificationConcept.RequestSpecReuseTest</td><td><a href="#m36">getUserTest</a></td><td rowspan="1">1744655843434</td><td rowspan="1">977</td></tr><tr class="passedodd"><td><a href="#m37">getWrongUserTest</a></td><td rowspan="1">1744655844411</td><td rowspan="1">934</td></tr><tr class="passedeven"><td rowspan="2">NewSpecificationConcept.RequestSpecificationTest</td><td><a href="#m38">getUserTest_With_QueryParam</a></td><td rowspan="1">1744655846942</td><td rowspan="1">1012</td></tr><tr class="passedeven"><td><a href="#m39">reqSpecTest</a></td><td rowspan="1">1744655847954</td><td rowspan="1">961</td></tr><tr class="passedodd"><td rowspan="1">NewSpecificationConcept.ResponseSpecificationTest</td><td><a href="#m40">reqSpecTest</a></td><td rowspan="1">1744655842413</td><td rowspan="1">402</td></tr><tr class="passedeven"><td rowspan="2">POSTAPIWithCreateUser.CreateUserAPITest</td><td><a href="#m41">getAuthTokenTest_UsingStringReplacement</a></td><td rowspan="1">1744655867502</td><td rowspan="1">957</td></tr><tr class="passedeven"><td><a href="#m42">getAuthTokenTest_WithJSONString</a></td><td rowspan="1">1744655869056</td><td rowspan="1">1008</td></tr><tr class="passedodd"><td rowspan="3">POSTWithAuthAPI.AuthAPITest</td><td><a href="#m43">getAuthTokenTest_WithJSON</a></td><td rowspan="1">1744655848916</td><td rowspan="1">1422</td></tr><tr class="passedodd"><td><a href="#m44">getAuthTokenTest_WithJSONFILE</a></td><td rowspan="1">1744655850339</td><td rowspan="1">1337</td></tr><tr class="passedodd"><td><a href="#m45">getAuthTokenTest_WithPOJOClass</a></td><td rowspan="1">1744655851676</td><td rowspan="1">1571</td></tr><tr class="passedeven"><td rowspan="1">RequestResponseSpecUsingBuilder.RequestResponseSpecTest</td><td><a href="#m46">getUserTest</a></td><td rowspan="1">1744655881483</td><td rowspan="1">659</td></tr><tr class="passedodd"><td rowspan="2">RequestResponseSpecUsingBuilder.RequestSpecBuilderTest</td><td><a href="#m47">getUser_WithReq_Spec</a></td><td rowspan="1">1744655878555</td><td rowspan="1">1097</td></tr><tr class="passedodd"><td><a href="#m48">getUser_WithReq_Spec_QueryParam</a></td><td rowspan="1">1744655879652</td><td rowspan="1">924</td></tr><tr class="passedeven"><td rowspan="2">RequestResponseSpecUsingBuilder.ResponseSpecBuilderTest</td><td><a href="#m49">getUsersTest</a></td><td rowspan="1">1744655882142</td><td rowspan="1">700</td></tr><tr class="passedeven"><td><a href="#m50">getUsers_WithInvalidToken_Test</a></td><td rowspan="1">1744655882843</td><td rowspan="1">593</td></tr><tr class="passedodd"><td rowspan="2">XMLAPITests.GORestXMLPathTest</td><td><a href="#m51">Xmltest_With_Deserialization</a></td><td rowspan="1">1744655876971</td><td rowspan="1">615</td></tr><tr class="passedodd"><td><a href="#m52">gorestAPITest</a></td><td rowspan="1">1744655877587</td><td rowspan="1">967</td></tr><tr class="passedeven"><td rowspan="6">XMLAPIs.XMLPathTest</td><td><a href="#m53">circuitApiTest_Xml</a></td><td rowspan="1">1744655806072</td><td rowspan="1">1794</td></tr><tr class="passedeven"><td><a href="#m54">testFetchUserById</a></td><td rowspan="1">1744655810890</td><td rowspan="1">680</td></tr><tr class="passedeven"><td><a href="#m55">testFetchUserIdByName</a></td><td rowspan="1">1744655811570</td><td rowspan="1">943</td></tr><tr class="passedeven"><td><a href="#m56">xmlPathTest</a></td><td rowspan="1">1744655812513</td><td rowspan="1">348</td></tr><tr class="passedeven"><td><a href="#m57">xmlTest</a></td><td rowspan="1">1744655812862</td><td rowspan="1">33</td></tr><tr class="passedeven"><td><a href="#m58">xmlTest_With_XMLResponse_Desrialization</a></td><td rowspan="1">1744655812895</td><td rowspan="1">641</td></tr></tbody>
</table>
<h2>Surefire test</h2><h3 id="m0">FakeUserAPITests.CreateFakeUserTest#getAuthTokenTest_WithJSONFILE</h3><table class="result"><tr><th>Exception</th></tr><tr><td><div class="stacktrace">java.lang.AssertionError: 1 expectation failed.
Expected status code &lt;201&gt; but was &lt;422&gt;.

	at org.codehaus.groovy.runtime.callsite.ConstructorSite$ConstructorSiteNoUnwrap.callConstructor(ConstructorSite.java:86)
	at org.codehaus.groovy.runtime.callsite.AbstractCallSite.callConstructor(AbstractCallSite.java:277)
	at io.restassured.internal.ResponseSpecificationImpl$HamcrestAssertionClosure.validate(ResponseSpecificationImpl.groovy:512)
	at io.restassured.internal.ResponseSpecificationImpl$HamcrestAssertionClosure$validate$1.call(Unknown Source)
	at io.restassured.internal.ResponseSpecificationImpl.validateResponseIfRequired(ResponseSpecificationImpl.groovy:696)
	at io.restassured.internal.ResponseSpecificationImpl.this$2$validateResponseIfRequired(ResponseSpecificationImpl.groovy)
	at org.codehaus.groovy.runtime.callsite.PlainObjectMetaMethodSite.doInvoke(PlainObjectMetaMethodSite.java:43)
	at org.codehaus.groovy.runtime.callsite.PogoMetaMethodSite$PogoCachedMethodSiteNoUnwrapNoCoerce.invoke(PogoMetaMethodSite.java:198)
	at org.codehaus.groovy.runtime.callsite.PogoMetaMethodSite.callCurrent(PogoMetaMethodSite.java:62)
	at org.codehaus.groovy.runtime.callsite.AbstractCallSite.callCurrent(AbstractCallSite.java:185)
	at io.restassured.internal.ResponseSpecificationImpl.statusCode(ResponseSpecificationImpl.groovy:135)
	at io.restassured.specification.ResponseSpecification$statusCode$2.callCurrent(Unknown Source)
	at io.restassured.internal.ResponseSpecificationImpl.statusCode(ResponseSpecificationImpl.groovy:143)
	at io.restassured.internal.ValidatableResponseOptionsImpl.statusCode(ValidatableResponseOptionsImpl.java:89)
	at FakeUserAPITests.CreateFakeUserTest.getAuthTokenTest_WithJSONFILE(CreateFakeUserTest.java:105)
	at java.base/java.util.ArrayList.forEach(ArrayList.java:1541)
... Removed 41 stack frames</div></td></tr></table><p class="totop"><a href="#summary">back to summary</a></p>
<h3 id="m1">GETAPITestsWithBDD.ContactsAPIsTest#getContactsAPITest</h3><table class="result"><tr><th>Exception</th></tr><tr><td><div class="stacktrace">java.lang.AssertionError: 1 expectation failed.
Expected status code &lt;200&gt; but was &lt;401&gt;.

	at org.codehaus.groovy.runtime.callsite.ConstructorSite$ConstructorSiteNoUnwrap.callConstructor(ConstructorSite.java:86)
	at org.codehaus.groovy.runtime.callsite.CallSiteArray.defaultCallConstructor(CallSiteArray.java:57)
	at org.codehaus.groovy.runtime.callsite.AbstractCallSite.callConstructor(AbstractCallSite.java:263)
	at org.codehaus.groovy.runtime.callsite.AbstractCallSite.callConstructor(AbstractCallSite.java:277)
	at io.restassured.internal.ResponseSpecificationImpl$HamcrestAssertionClosure.validate(ResponseSpecificationImpl.groovy:512)
	at io.restassured.internal.ResponseSpecificationImpl$HamcrestAssertionClosure$validate$1.call(Unknown Source)
	at org.codehaus.groovy.runtime.callsite.CallSiteArray.defaultCall(CallSiteArray.java:45)
	at org.codehaus.groovy.runtime.callsite.AbstractCallSite.call(AbstractCallSite.java:125)
	at org.codehaus.groovy.runtime.callsite.AbstractCallSite.call(AbstractCallSite.java:139)
	at io.restassured.internal.ResponseSpecificationImpl.validateResponseIfRequired(ResponseSpecificationImpl.groovy:696)
	at io.restassured.internal.ResponseSpecificationImpl.this$2$validateResponseIfRequired(ResponseSpecificationImpl.groovy)
	at org.codehaus.groovy.runtime.callsite.PlainObjectMetaMethodSite.doInvoke(PlainObjectMetaMethodSite.java:43)
	at org.codehaus.groovy.runtime.callsite.PogoMetaMethodSite$PogoCachedMethodSiteNoUnwrapNoCoerce.invoke(PogoMetaMethodSite.java:198)
	at org.codehaus.groovy.runtime.callsite.PogoMetaMethodSite.callCurrent(PogoMetaMethodSite.java:62)
	at org.codehaus.groovy.runtime.callsite.AbstractCallSite.callCurrent(AbstractCallSite.java:185)
	at io.restassured.internal.ResponseSpecificationImpl.statusCode(ResponseSpecificationImpl.groovy:135)
	at io.restassured.specification.ResponseSpecification$statusCode$2.callCurrent(Unknown Source)
	at org.codehaus.groovy.runtime.callsite.CallSiteArray.defaultCallCurrent(CallSiteArray.java:49)
	at org.codehaus.groovy.runtime.callsite.AbstractCallSite.callCurrent(AbstractCallSite.java:171)
	at org.codehaus.groovy.runtime.callsite.AbstractCallSite.callCurrent(AbstractCallSite.java:185)
	at io.restassured.internal.ResponseSpecificationImpl.statusCode(ResponseSpecificationImpl.groovy:143)
	at io.restassured.internal.ValidatableResponseOptionsImpl.statusCode(ValidatableResponseOptionsImpl.java:89)
	at GETAPITestsWithBDD.ContactsAPIsTest.getContactsAPITest(ContactsAPIsTest.java:33)
	at java.base/java.util.ArrayList.forEach(ArrayList.java:1541)
... Removed 42 stack frames</div></td></tr></table><p class="totop"><a href="#summary">back to summary</a></p>
<h3 id="m2">GETAPITestsWithoutBDD.ProductAPIsTest#getProductsTest_1</h3><table class="result"><tr><th>Exception</th></tr><tr><td><div class="stacktrace">java.lang.AssertionError: expected [200] but found [401]
	at GETAPITestsWithoutBDD.ProductAPIsTest.getProductsTest_1(ProductAPIsTest.java:30)
	at java.base/java.util.ArrayList.forEach(ArrayList.java:1541)
... Removed 37 stack frames</div></td></tr></table><p class="totop"><a href="#summary">back to summary</a></p>
<h3 id="m3">NewSpecificationConcept.RequestSpecReuseTest#getAUserTest</h3><table class="result"><tr><th>Exception</th></tr><tr><td><div class="stacktrace">java.lang.AssertionError: 1 expectation failed.
Expected status code &lt;200&gt; but was &lt;404&gt;.

	at org.codehaus.groovy.runtime.callsite.ConstructorSite$ConstructorSiteNoUnwrap.callConstructor(ConstructorSite.java:86)
	at org.codehaus.groovy.runtime.callsite.AbstractCallSite.callConstructor(AbstractCallSite.java:277)
	at io.restassured.internal.ResponseSpecificationImpl$HamcrestAssertionClosure.validate(ResponseSpecificationImpl.groovy:512)
	at io.restassured.internal.ResponseSpecificationImpl$HamcrestAssertionClosure$validate$1.call(Unknown Source)
	at io.restassured.internal.ResponseSpecificationImpl.validateResponseIfRequired(ResponseSpecificationImpl.groovy:696)
	at io.restassured.internal.ResponseSpecificationImpl.this$2$validateResponseIfRequired(ResponseSpecificationImpl.groovy)
	at org.codehaus.groovy.runtime.callsite.PlainObjectMetaMethodSite.doInvoke(PlainObjectMetaMethodSite.java:43)
	at org.codehaus.groovy.runtime.callsite.PogoMetaMethodSite$PogoCachedMethodSiteNoUnwrapNoCoerce.invoke(PogoMetaMethodSite.java:198)
	at org.codehaus.groovy.runtime.callsite.PogoMetaMethodSite.callCurrent(PogoMetaMethodSite.java:62)
	at org.codehaus.groovy.runtime.callsite.AbstractCallSite.callCurrent(AbstractCallSite.java:185)
	at io.restassured.internal.ResponseSpecificationImpl.statusCode(ResponseSpecificationImpl.groovy:135)
	at io.restassured.specification.ResponseSpecification$statusCode$2.callCurrent(Unknown Source)
	at io.restassured.internal.ResponseSpecificationImpl.statusCode(ResponseSpecificationImpl.groovy:143)
	at io.restassured.internal.ValidatableResponseOptionsImpl.statusCode(ValidatableResponseOptionsImpl.java:89)
	at NewSpecificationConcept.RequestSpecReuseTest.getAUserTest(RequestSpecReuseTest.java:39)
	at java.base/java.util.ArrayList.forEach(ArrayList.java:1541)
... Removed 41 stack frames</div></td></tr></table><p class="totop"><a href="#summary">back to summary</a></p>
<h3 id="m4">NewSpecificationConcept.RequestSpecificationTest#getUserTest</h3><table class="result"><tr><th>Exception</th></tr><tr><td><div class="stacktrace">java.lang.AssertionError: 1 expectation failed.
Expected status code &lt;200&gt; but was &lt;404&gt;.

	at org.codehaus.groovy.runtime.callsite.ConstructorSite$ConstructorSiteNoUnwrap.callConstructor(ConstructorSite.java:86)
	at org.codehaus.groovy.runtime.callsite.AbstractCallSite.callConstructor(AbstractCallSite.java:277)
	at io.restassured.internal.ResponseSpecificationImpl$HamcrestAssertionClosure.validate(ResponseSpecificationImpl.groovy:512)
	at io.restassured.internal.ResponseSpecificationImpl$HamcrestAssertionClosure$validate$1.call(Unknown Source)
	at io.restassured.internal.ResponseSpecificationImpl.validateResponseIfRequired(ResponseSpecificationImpl.groovy:696)
	at io.restassured.internal.ResponseSpecificationImpl.this$2$validateResponseIfRequired(ResponseSpecificationImpl.groovy)
	at org.codehaus.groovy.runtime.callsite.PlainObjectMetaMethodSite.doInvoke(PlainObjectMetaMethodSite.java:43)
	at org.codehaus.groovy.runtime.callsite.PogoMetaMethodSite$PogoCachedMethodSiteNoUnwrapNoCoerce.invoke(PogoMetaMethodSite.java:198)
	at org.codehaus.groovy.runtime.callsite.PogoMetaMethodSite.callCurrent(PogoMetaMethodSite.java:62)
	at org.codehaus.groovy.runtime.callsite.AbstractCallSite.callCurrent(AbstractCallSite.java:185)
	at io.restassured.internal.ResponseSpecificationImpl.statusCode(ResponseSpecificationImpl.groovy:135)
	at io.restassured.specification.ResponseSpecification$statusCode$2.callCurrent(Unknown Source)
	at io.restassured.internal.ResponseSpecificationImpl.statusCode(ResponseSpecificationImpl.groovy:143)
	at io.restassured.internal.ValidatableResponseOptionsImpl.statusCode(ValidatableResponseOptionsImpl.java:89)
	at NewSpecificationConcept.RequestSpecificationTest.getUserTest(RequestSpecificationTest.java:59)
	at java.base/java.util.ArrayList.forEach(ArrayList.java:1541)
... Removed 41 stack frames</div></td></tr></table><p class="totop"><a href="#summary">back to summary</a></p>
<h3 id="m5">POSTAPIWithCreateUser.CreateUserAPITest#getAuthTokenTest_WithJSONFILE</h3><table class="result"><tr><th>Exception</th></tr><tr><td><div class="stacktrace">java.lang.AssertionError: 1 expectation failed.
Expected status code &lt;201&gt; but was &lt;422&gt;.

	at org.codehaus.groovy.runtime.callsite.ConstructorSite$ConstructorSiteNoUnwrap.callConstructor(ConstructorSite.java:86)
	at org.codehaus.groovy.runtime.callsite.AbstractCallSite.callConstructor(AbstractCallSite.java:277)
	at io.restassured.internal.ResponseSpecificationImpl$HamcrestAssertionClosure.validate(ResponseSpecificationImpl.groovy:512)
	at io.restassured.internal.ResponseSpecificationImpl$HamcrestAssertionClosure$validate$1.call(Unknown Source)
	at io.restassured.internal.ResponseSpecificationImpl.validateResponseIfRequired(ResponseSpecificationImpl.groovy:696)
	at io.restassured.internal.ResponseSpecificationImpl.this$2$validateResponseIfRequired(ResponseSpecificationImpl.groovy)
	at org.codehaus.groovy.runtime.callsite.PlainObjectMetaMethodSite.doInvoke(PlainObjectMetaMethodSite.java:43)
	at org.codehaus.groovy.runtime.callsite.PogoMetaMethodSite$PogoCachedMethodSiteNoUnwrapNoCoerce.invoke(PogoMetaMethodSite.java:198)
	at org.codehaus.groovy.runtime.callsite.PogoMetaMethodSite.callCurrent(PogoMetaMethodSite.java:62)
	at org.codehaus.groovy.runtime.callsite.AbstractCallSite.callCurrent(AbstractCallSite.java:185)
	at io.restassured.internal.ResponseSpecificationImpl.statusCode(ResponseSpecificationImpl.groovy:135)
	at io.restassured.specification.ResponseSpecification$statusCode$2.callCurrent(Unknown Source)
	at io.restassured.internal.ResponseSpecificationImpl.statusCode(ResponseSpecificationImpl.groovy:143)
	at io.restassured.internal.ValidatableResponseOptionsImpl.statusCode(ValidatableResponseOptionsImpl.java:89)
	at POSTAPIWithCreateUser.CreateUserAPITest.getAuthTokenTest_WithJSONFILE(CreateUserAPITest.java:65)
	at java.base/java.util.ArrayList.forEach(ArrayList.java:1541)
... Removed 41 stack frames</div></td></tr></table><p class="totop"><a href="#summary">back to summary</a></p>
<h3 id="m6">XMLAPIs.XMLPathTest#getEmailByNameUsingGPath</h3><table class="result"><tr><th>Exception</th></tr><tr><td><div class="stacktrace">java.lang.AssertionError: Email mismatch expected [chakrika_naik@sanford.test] but found [[]]
	at XMLAPIs.XMLPathTest.getEmailByNameUsingGPath(XMLPathTest.java:196)
	at java.base/java.util.ArrayList.forEach(ArrayList.java:1541)
... Removed 36 stack frames</div></td></tr></table><p class="totop"><a href="#summary">back to summary</a></p>
<h3 id="m7">XMLAPIs.XMLPathTest#getNameAndEmailByIdUsingGPath</h3><table class="result"><tr><th>Exception</th></tr><tr><td><div class="stacktrace">java.lang.AssertionError: Name mismatch expected [Chakrika Naik] but found []
	at XMLAPIs.XMLPathTest.getNameAndEmailByIdUsingGPath(XMLPathTest.java:215)
	at java.base/java.util.ArrayList.forEach(ArrayList.java:1541)
... Removed 36 stack frames</div></td></tr></table><p class="totop"><a href="#summary">back to summary</a></p>
<h3 id="m8">XMLAPIs.XMLPathTest#getNameEmailAndIdTypeByIdUsingGPath</h3><table class="result"><tr><th>Exception</th></tr><tr><td><div class="stacktrace">java.lang.AssertionError: Name mismatch expected [Chakrika Naik] but found []
	at XMLAPIs.XMLPathTest.getNameEmailAndIdTypeByIdUsingGPath(XMLPathTest.java:241)
	at java.base/java.util.ArrayList.forEach(ArrayList.java:1541)
... Removed 36 stack frames</div></td></tr></table><p class="totop"><a href="#summary">back to summary</a></p>
<h3 id="m9">AuthAPIs.AuthAPIsTest#basicAuthTest</h3><table class="result"><tr><th class="invisible"/></tr></table><p class="totop"><a href="#summary">back to summary</a></p>
<h3 id="m10">AuthAPIs.AuthAPIsTest#digestiveAuthTest</h3><table class="result"><tr><th class="invisible"/></tr></table><p class="totop"><a href="#summary">back to summary</a></p>
<h3 id="m11">AuthAPIs.AuthAPIsTest#preemptiveAuthTest</h3><table class="result"><tr><th class="invisible"/></tr></table><p class="totop"><a href="#summary">back to summary</a></p>
<h3 id="m12">AuthAPIs.OAuth1APITest#flickAPITest</h3><table class="result"><tr><th class="invisible"/></tr></table><p class="totop"><a href="#summary">back to summary</a></p>
<h3 id="m13">AuthAPIs.OAuth2APITest#getFlightDetailsTest_1</h3><table class="result"><tr><th class="invisible"/></tr></table><p class="totop"><a href="#summary">back to summary</a></p>
<h3 id="m14">AuthAPIs.OAuth2APITest#getFlightDetailsTest_2</h3><table class="result"><tr><th class="invisible"/></tr></table><p class="totop"><a href="#summary">back to summary</a></p>
<h3 id="m15">AuthAPIs.SpotfyAPITest#getAlbumTest</h3><table class="result"><tr><th class="invisible"/></tr></table><p class="totop"><a href="#summary">back to summary</a></p>
<h3 id="m16">BookingAPITests.BookingApiFeatureTests#createBookingTest</h3><table class="result"><tr><th class="invisible"/></tr></table><p class="totop"><a href="#summary">back to summary</a></p>
<h3 id="m17">BookingAPITests.BookingApiFeatureTests#deleteBookingTest</h3><table class="result"><tr><th class="invisible"/></tr></table><p class="totop"><a href="#summary">back to summary</a></p>
<h3 id="m18">BookingAPITests.BookingApiFeatureTests#getBookingIdTest</h3><table class="result"><tr><th class="invisible"/></tr></table><p class="totop"><a href="#summary">back to summary</a></p>
<h3 id="m19">BookingAPITests.BookingApiFeatureTests#getBookingIdsTest</h3><table class="result"><tr><th class="invisible"/></tr></table><p class="totop"><a href="#summary">back to summary</a></p>
<h3 id="m20">BookingAPITests.BookingApiFeatureTests#partialBookingTest</h3><table class="result"><tr><th class="invisible"/></tr></table><p class="totop"><a href="#summary">back to summary</a></p>
<h3 id="m21">BookingAPITests.BookingApiFeatureTests#updateBookingTest</h3><table class="result"><tr><th class="invisible"/></tr></table><p class="totop"><a href="#summary">back to summary</a></p>
<h3 id="m22">CertificateHandling.SSLCertificateTest#sslTest</h3><table class="result"><tr><th class="invisible"/></tr></table><p class="totop"><a href="#summary">back to summary</a></p>
<h3 id="m23">CertificateHandling.SSLCertificateTest#sslTest_With_Config</h3><table class="result"><tr><th class="invisible"/></tr></table><p class="totop"><a href="#summary">back to summary</a></p>
<h3 id="m24">DeserializationProcess.ProductAPIWithTest#getProductsTest_With_POJO_Desierlization</h3><table class="result"><tr><th class="invisible"/></tr></table><p class="totop"><a href="#summary">back to summary</a></p>
<h3 id="m25">DeserializationProcess.UserAPITest#createUserWith_Lombok</h3><table class="result"><tr><th class="invisible"/></tr></table><p class="totop"><a href="#summary">back to summary</a></p>
<h3 id="m26">FakeUserAPITests.CreateFakeUserTest#createUserTest_LombokBuilder</h3><table class="result"><tr><th class="invisible"/></tr></table><p class="totop"><a href="#summary">back to summary</a></p>
<h3 id="m27">FakeUserAPITests.CreateFakeUserTest#createUserTest_LombokPojo</h3><table class="result"><tr><th class="invisible"/></tr></table><p class="totop"><a href="#summary">back to summary</a></p>
<h3 id="m28">GETAPITestsWithBDD.ContactsAPIsTest#getContactsAPITest_WithInvalidToken</h3><table class="result"><tr><th class="invisible"/></tr></table><p class="totop"><a href="#summary">back to summary</a></p>
<h3 id="m29">JaywayJsonPath.JsonPathMethodsTest#getProductTest</h3><table class="result"><tr><th class="invisible"/></tr></table><p class="totop"><a href="#summary">back to summary</a></p>
<h3 id="m30">JaywayJsonPath.JsonPathTest#getProductAPITest_JsonPath</h3><table class="result"><tr><th class="invisible"/></tr></table><p class="totop"><a href="#summary">back to summary</a></p>
<h3 id="m31">JaywayJsonPath.JsonPathTest#productApiTest_ConditionalExamples_WithThreeAttributes</h3><table class="result"><tr><th class="invisible"/></tr></table><p class="totop"><a href="#summary">back to summary</a></p>
<h3 id="m32">JaywayJsonPath.JsonPathTest#productApiTest_ConditionalExamples_WithTwoAttributes</h3><table class="result"><tr><th class="invisible"/></tr></table><p class="totop"><a href="#summary">back to summary</a></p>
<h3 id="m33">NewSpecificationConcept.RequestResponseSpecificationTest#checkGetTest</h3><table class="result"><tr><th class="invisible"/></tr></table><p class="totop"><a href="#summary">back to summary</a></p>
<h3 id="m34">NewSpecificationConcept.RequestResponseSpecificationTest#checkGetWithQueryParamTest</h3><table class="result"><tr><th class="invisible"/></tr></table><p class="totop"><a href="#summary">back to summary</a></p>
<h3 id="m35">NewSpecificationConcept.RequestResponseSpecificationTest#checkPOSTTest</h3><table class="result"><tr><th class="invisible"/></tr></table><p class="totop"><a href="#summary">back to summary</a></p>
<h3 id="m36">NewSpecificationConcept.RequestSpecReuseTest#getUserTest</h3><table class="result"><tr><th class="invisible"/></tr></table><p class="totop"><a href="#summary">back to summary</a></p>
<h3 id="m37">NewSpecificationConcept.RequestSpecReuseTest#getWrongUserTest</h3><table class="result"><tr><th class="invisible"/></tr></table><p class="totop"><a href="#summary">back to summary</a></p>
<h3 id="m38">NewSpecificationConcept.RequestSpecificationTest#getUserTest_With_QueryParam</h3><table class="result"><tr><th class="invisible"/></tr></table><p class="totop"><a href="#summary">back to summary</a></p>
<h3 id="m39">NewSpecificationConcept.RequestSpecificationTest#reqSpecTest</h3><table class="result"><tr><th class="invisible"/></tr></table><p class="totop"><a href="#summary">back to summary</a></p>
<h3 id="m40">NewSpecificationConcept.ResponseSpecificationTest#reqSpecTest</h3><table class="result"><tr><th class="invisible"/></tr></table><p class="totop"><a href="#summary">back to summary</a></p>
<h3 id="m41">POSTAPIWithCreateUser.CreateUserAPITest#getAuthTokenTest_UsingStringReplacement</h3><table class="result"><tr><th class="invisible"/></tr></table><p class="totop"><a href="#summary">back to summary</a></p>
<h3 id="m42">POSTAPIWithCreateUser.CreateUserAPITest#getAuthTokenTest_WithJSONString</h3><table class="result"><tr><th class="invisible"/></tr></table><p class="totop"><a href="#summary">back to summary</a></p>
<h3 id="m43">POSTWithAuthAPI.AuthAPITest#getAuthTokenTest_WithJSON</h3><table class="result"><tr><th class="invisible"/></tr></table><p class="totop"><a href="#summary">back to summary</a></p>
<h3 id="m44">POSTWithAuthAPI.AuthAPITest#getAuthTokenTest_WithJSONFILE</h3><table class="result"><tr><th class="invisible"/></tr></table><p class="totop"><a href="#summary">back to summary</a></p>
<h3 id="m45">POSTWithAuthAPI.AuthAPITest#getAuthTokenTest_WithPOJOClass</h3><table class="result"><tr><th class="invisible"/></tr></table><p class="totop"><a href="#summary">back to summary</a></p>
<h3 id="m46">RequestResponseSpecUsingBuilder.RequestResponseSpecTest#getUserTest</h3><table class="result"><tr><th class="invisible"/></tr></table><p class="totop"><a href="#summary">back to summary</a></p>
<h3 id="m47">RequestResponseSpecUsingBuilder.RequestSpecBuilderTest#getUser_WithReq_Spec</h3><table class="result"><tr><th class="invisible"/></tr></table><p class="totop"><a href="#summary">back to summary</a></p>
<h3 id="m48">RequestResponseSpecUsingBuilder.RequestSpecBuilderTest#getUser_WithReq_Spec_QueryParam</h3><table class="result"><tr><th class="invisible"/></tr></table><p class="totop"><a href="#summary">back to summary</a></p>
<h3 id="m49">RequestResponseSpecUsingBuilder.ResponseSpecBuilderTest#getUsersTest</h3><table class="result"><tr><th class="invisible"/></tr></table><p class="totop"><a href="#summary">back to summary</a></p>
<h3 id="m50">RequestResponseSpecUsingBuilder.ResponseSpecBuilderTest#getUsers_WithInvalidToken_Test</h3><table class="result"><tr><th class="invisible"/></tr></table><p class="totop"><a href="#summary">back to summary</a></p>
<h3 id="m51">XMLAPITests.GORestXMLPathTest#Xmltest_With_Deserialization</h3><table class="result"><tr><th class="invisible"/></tr></table><p class="totop"><a href="#summary">back to summary</a></p>
<h3 id="m52">XMLAPITests.GORestXMLPathTest#gorestAPITest</h3><table class="result"><tr><th class="invisible"/></tr></table><p class="totop"><a href="#summary">back to summary</a></p>
<h3 id="m53">XMLAPIs.XMLPathTest#circuitApiTest_Xml</h3><table class="result"><tr><th class="invisible"/></tr></table><p class="totop"><a href="#summary">back to summary</a></p>
<h3 id="m54">XMLAPIs.XMLPathTest#testFetchUserById</h3><table class="result"><tr><th class="invisible"/></tr></table><p class="totop"><a href="#summary">back to summary</a></p>
<h3 id="m55">XMLAPIs.XMLPathTest#testFetchUserIdByName</h3><table class="result"><tr><th class="invisible"/></tr></table><p class="totop"><a href="#summary">back to summary</a></p>
<h3 id="m56">XMLAPIs.XMLPathTest#xmlPathTest</h3><table class="result"><tr><th class="invisible"/></tr></table><p class="totop"><a href="#summary">back to summary</a></p>
<h3 id="m57">XMLAPIs.XMLPathTest#xmlTest</h3><table class="result"><tr><th class="invisible"/></tr></table><p class="totop"><a href="#summary">back to summary</a></p>
<h3 id="m58">XMLAPIs.XMLPathTest#xmlTest_With_XMLResponse_Desrialization</h3><table class="result"><tr><th class="invisible"/></tr></table><p class="totop"><a href="#summary">back to summary</a></p>
</body>
</html>
