<?xml version="1.0" encoding="UTF-8"?>
<testng-results ignored="0" total="59" passed="50" failed="9" skipped="0">
  <reporter-output>
  </reporter-output>
  <suite started-at="2025-04-15T00:06:42 IST" name="Surefire suite" finished-at="2025-04-15T00:08:04 IST" duration-ms="82555">
    <groups>
    </groups>
    <test started-at="2025-04-15T00:06:42 IST" name="Surefire test" finished-at="2025-04-15T00:08:04 IST" duration-ms="82555">
      <class name="RequestResponseSpecUsingBuilder.ResponseSpecBuilderTest">
        <test-method signature="getUsersTest()[pri:0, instance:RequestResponseSpecUsingBuilder.ResponseSpecBuilderTest@3eb738bb]" started-at="2025-04-15T00:08:02 IST" name="getUsersTest" finished-at="2025-04-15T00:08:02 IST" duration-ms="700" status="PASS">
          <reporter-output>
          </reporter-output>
        </test-method> <!-- getUsersTest -->
        <test-method signature="getUsers_WithInvalidToken_Test()[pri:0, instance:RequestResponseSpecUsingBuilder.ResponseSpecBuilderTest@3eb738bb]" started-at="2025-04-15T00:08:02 IST" name="getUsers_WithInvalidToken_Test" finished-at="2025-04-15T00:08:03 IST" duration-ms="593" status="PASS">
          <reporter-output>
          </reporter-output>
        </test-method> <!-- getUsers_WithInvalidToken_Test -->
      </class> <!-- RequestResponseSpecUsingBuilder.ResponseSpecBuilderTest -->
      <class name="POSTAPIWithCreateUser.CreateUserAPITest">
        <test-method signature="getAuthTokenTest_UsingStringReplacement()[pri:0, instance:POSTAPIWithCreateUser.CreateUserAPITest@229f66ed]" started-at="2025-04-15T00:07:47 IST" name="getAuthTokenTest_UsingStringReplacement" finished-at="2025-04-15T00:07:48 IST" duration-ms="957" status="PASS">
          <reporter-output>
          </reporter-output>
        </test-method> <!-- getAuthTokenTest_UsingStringReplacement -->
        <test-method signature="getAuthTokenTest_WithJSONFILE()[pri:0, instance:POSTAPIWithCreateUser.CreateUserAPITest@229f66ed]" started-at="2025-04-15T00:07:48 IST" name="getAuthTokenTest_WithJSONFILE" finished-at="2025-04-15T00:07:49 IST" duration-ms="596" status="FAIL">
          <exception class="java.lang.AssertionError">
            <message>
              <![CDATA[1 expectation failed.
Expected status code <201> but was <422>.
]]>
            </message>
            <full-stacktrace>
              <![CDATA[java.lang.AssertionError: 1 expectation failed.
Expected status code <201> but was <422>.

at java.base/jdk.internal.reflect.NativeConstructorAccessorImpl.newInstance0(Native Method)
at java.base/jdk.internal.reflect.NativeConstructorAccessorImpl.newInstance(NativeConstructorAccessorImpl.java:62)
at java.base/jdk.internal.reflect.DelegatingConstructorAccessorImpl.newInstance(DelegatingConstructorAccessorImpl.java:45)
at java.base/java.lang.reflect.Constructor.newInstance(Constructor.java:490)
at org.codehaus.groovy.reflection.CachedConstructor.invoke(CachedConstructor.java:73)
at org.codehaus.groovy.reflection.CachedConstructor.doConstructorInvoke(CachedConstructor.java:60)
at org.codehaus.groovy.runtime.callsite.ConstructorSite$ConstructorSiteNoUnwrap.callConstructor(ConstructorSite.java:86)
at org.codehaus.groovy.runtime.callsite.AbstractCallSite.callConstructor(AbstractCallSite.java:277)
at io.restassured.internal.ResponseSpecificationImpl$HamcrestAssertionClosure.validate(ResponseSpecificationImpl.groovy:512)
at io.restassured.internal.ResponseSpecificationImpl$HamcrestAssertionClosure$validate$1.call(Unknown Source)
at io.restassured.internal.ResponseSpecificationImpl.validateResponseIfRequired(ResponseSpecificationImpl.groovy:696)
at io.restassured.internal.ResponseSpecificationImpl.this$2$validateResponseIfRequired(ResponseSpecificationImpl.groovy)
at jdk.internal.reflect.GeneratedMethodAccessor166.invoke(Unknown Source)
at java.base/jdk.internal.reflect.DelegatingMethodAccessorImpl.invoke(DelegatingMethodAccessorImpl.java:43)
at java.base/java.lang.reflect.Method.invoke(Method.java:566)
at org.codehaus.groovy.runtime.callsite.PlainObjectMetaMethodSite.doInvoke(PlainObjectMetaMethodSite.java:43)
at org.codehaus.groovy.runtime.callsite.PogoMetaMethodSite$PogoCachedMethodSiteNoUnwrapNoCoerce.invoke(PogoMetaMethodSite.java:198)
at org.codehaus.groovy.runtime.callsite.PogoMetaMethodSite.callCurrent(PogoMetaMethodSite.java:62)
at org.codehaus.groovy.runtime.callsite.AbstractCallSite.callCurrent(AbstractCallSite.java:185)
at io.restassured.internal.ResponseSpecificationImpl.statusCode(ResponseSpecificationImpl.groovy:135)
at io.restassured.specification.ResponseSpecification$statusCode$2.callCurrent(Unknown Source)
at io.restassured.internal.ResponseSpecificationImpl.statusCode(ResponseSpecificationImpl.groovy:143)
at io.restassured.internal.ValidatableResponseOptionsImpl.statusCode(ValidatableResponseOptionsImpl.java:89)
at POSTAPIWithCreateUser.CreateUserAPITest.getAuthTokenTest_WithJSONFILE(CreateUserAPITest.java:65)
at java.base/jdk.internal.reflect.NativeMethodAccessorImpl.invoke0(Native Method)
at java.base/jdk.internal.reflect.NativeMethodAccessorImpl.invoke(NativeMethodAccessorImpl.java:62)
at java.base/jdk.internal.reflect.DelegatingMethodAccessorImpl.invoke(DelegatingMethodAccessorImpl.java:43)
at java.base/java.lang.reflect.Method.invoke(Method.java:566)
at org.testng.internal.MethodInvocationHelper.invokeMethod(MethodInvocationHelper.java:133)
at org.testng.internal.TestInvoker.invokeMethod(TestInvoker.java:584)
at org.testng.internal.TestInvoker.invokeTestMethod(TestInvoker.java:172)
at org.testng.internal.MethodRunner.runInSequence(MethodRunner.java:46)
at org.testng.internal.TestInvoker$MethodInvocationAgent.invoke(TestInvoker.java:804)
at org.testng.internal.TestInvoker.invokeTestMethods(TestInvoker.java:145)
at org.testng.internal.TestMethodWorker.invokeTestMethods(TestMethodWorker.java:146)
at org.testng.internal.TestMethodWorker.run(TestMethodWorker.java:128)
at java.base/java.util.ArrayList.forEach(ArrayList.java:1541)
at org.testng.TestRunner.privateRun(TestRunner.java:770)
at org.testng.TestRunner.run(TestRunner.java:591)
at org.testng.SuiteRunner.runTest(SuiteRunner.java:402)
at org.testng.SuiteRunner.runSequentially(SuiteRunner.java:396)
at org.testng.SuiteRunner.privateRun(SuiteRunner.java:355)
at org.testng.SuiteRunner.run(SuiteRunner.java:304)
at org.testng.SuiteRunnerWorker.runSuite(SuiteRunnerWorker.java:53)
at org.testng.SuiteRunnerWorker.run(SuiteRunnerWorker.java:96)
at org.testng.TestNG.runSuitesSequentially(TestNG.java:1180)
at org.testng.TestNG.runSuitesLocally(TestNG.java:1102)
at org.testng.TestNG.runSuites(TestNG.java:1032)
at org.testng.TestNG.run(TestNG.java:1000)
at org.apache.maven.surefire.testng.TestNGExecutor.run(TestNGExecutor.java:155)
at org.apache.maven.surefire.testng.TestNGDirectoryTestSuite.executeMulti(TestNGDirectoryTestSuite.java:169)
at org.apache.maven.surefire.testng.TestNGDirectoryTestSuite.execute(TestNGDirectoryTestSuite.java:88)
at org.apache.maven.surefire.testng.TestNGProvider.invoke(TestNGProvider.java:137)
at org.apache.maven.surefire.booter.ForkedBooter.runSuitesInProcess(ForkedBooter.java:385)
at org.apache.maven.surefire.booter.ForkedBooter.execute(ForkedBooter.java:162)
at org.apache.maven.surefire.booter.ForkedBooter.run(ForkedBooter.java:507)
at org.apache.maven.surefire.booter.ForkedBooter.main(ForkedBooter.java:495)
]]>
            </full-stacktrace>
          </exception> <!-- java.lang.AssertionError -->
          <reporter-output>
          </reporter-output>
        </test-method> <!-- getAuthTokenTest_WithJSONFILE -->
        <test-method signature="getAuthTokenTest_WithJSONString()[pri:0, instance:POSTAPIWithCreateUser.CreateUserAPITest@229f66ed]" started-at="2025-04-15T00:07:49 IST" name="getAuthTokenTest_WithJSONString" finished-at="2025-04-15T00:07:50 IST" duration-ms="1008" status="PASS">
          <reporter-output>
          </reporter-output>
        </test-method> <!-- getAuthTokenTest_WithJSONString -->
      </class> <!-- POSTAPIWithCreateUser.CreateUserAPITest -->
      <class name="JaywayJsonPath.JsonPathMethodsTest">
        <test-method signature="getProductTest()[pri:0, instance:JaywayJsonPath.JsonPathMethodsTest@477b4cdf]" started-at="2025-04-15T00:07:56 IST" name="getProductTest" finished-at="2025-04-15T00:07:56 IST" duration-ms="446" status="PASS">
          <reporter-output>
          </reporter-output>
        </test-method> <!-- getProductTest -->
      </class> <!-- JaywayJsonPath.JsonPathMethodsTest -->
      <class name="NewSpecificationConcept.RequestSpecReuseTest">
        <test-method is-config="true" signature="setup()[pri:0, instance:NewSpecificationConcept.RequestSpecReuseTest@6a78afa0]" started-at="2025-04-15T00:06:42 IST" name="setup" finished-at="2025-04-15T00:06:42 IST" duration-ms="2" status="PASS">
          <reporter-output>
          </reporter-output>
        </test-method> <!-- setup -->
        <test-method signature="getAUserTest()[pri:0, instance:NewSpecificationConcept.RequestSpecReuseTest@6a78afa0]" started-at="2025-04-15T00:07:22 IST" name="getAUserTest" finished-at="2025-04-15T00:07:23 IST" duration-ms="617" status="FAIL">
          <exception class="java.lang.AssertionError">
            <message>
              <![CDATA[1 expectation failed.
Expected status code <200> but was <404>.
]]>
            </message>
            <full-stacktrace>
              <![CDATA[java.lang.AssertionError: 1 expectation failed.
Expected status code <200> but was <404>.

at java.base/jdk.internal.reflect.NativeConstructorAccessorImpl.newInstance0(Native Method)
at java.base/jdk.internal.reflect.NativeConstructorAccessorImpl.newInstance(NativeConstructorAccessorImpl.java:62)
at java.base/jdk.internal.reflect.DelegatingConstructorAccessorImpl.newInstance(DelegatingConstructorAccessorImpl.java:45)
at java.base/java.lang.reflect.Constructor.newInstance(Constructor.java:490)
at org.codehaus.groovy.reflection.CachedConstructor.invoke(CachedConstructor.java:73)
at org.codehaus.groovy.reflection.CachedConstructor.doConstructorInvoke(CachedConstructor.java:60)
at org.codehaus.groovy.runtime.callsite.ConstructorSite$ConstructorSiteNoUnwrap.callConstructor(ConstructorSite.java:86)
at org.codehaus.groovy.runtime.callsite.AbstractCallSite.callConstructor(AbstractCallSite.java:277)
at io.restassured.internal.ResponseSpecificationImpl$HamcrestAssertionClosure.validate(ResponseSpecificationImpl.groovy:512)
at io.restassured.internal.ResponseSpecificationImpl$HamcrestAssertionClosure$validate$1.call(Unknown Source)
at io.restassured.internal.ResponseSpecificationImpl.validateResponseIfRequired(ResponseSpecificationImpl.groovy:696)
at io.restassured.internal.ResponseSpecificationImpl.this$2$validateResponseIfRequired(ResponseSpecificationImpl.groovy)
at jdk.internal.reflect.GeneratedMethodAccessor166.invoke(Unknown Source)
at java.base/jdk.internal.reflect.DelegatingMethodAccessorImpl.invoke(DelegatingMethodAccessorImpl.java:43)
at java.base/java.lang.reflect.Method.invoke(Method.java:566)
at org.codehaus.groovy.runtime.callsite.PlainObjectMetaMethodSite.doInvoke(PlainObjectMetaMethodSite.java:43)
at org.codehaus.groovy.runtime.callsite.PogoMetaMethodSite$PogoCachedMethodSiteNoUnwrapNoCoerce.invoke(PogoMetaMethodSite.java:198)
at org.codehaus.groovy.runtime.callsite.PogoMetaMethodSite.callCurrent(PogoMetaMethodSite.java:62)
at org.codehaus.groovy.runtime.callsite.AbstractCallSite.callCurrent(AbstractCallSite.java:185)
at io.restassured.internal.ResponseSpecificationImpl.statusCode(ResponseSpecificationImpl.groovy:135)
at io.restassured.specification.ResponseSpecification$statusCode$2.callCurrent(Unknown Source)
at io.restassured.internal.ResponseSpecificationImpl.statusCode(ResponseSpecificationImpl.groovy:143)
at io.restassured.internal.ValidatableResponseOptionsImpl.statusCode(ValidatableResponseOptionsImpl.java:89)
at NewSpecificationConcept.RequestSpecReuseTest.getAUserTest(RequestSpecReuseTest.java:39)
at java.base/jdk.internal.reflect.NativeMethodAccessorImpl.invoke0(Native Method)
at java.base/jdk.internal.reflect.NativeMethodAccessorImpl.invoke(NativeMethodAccessorImpl.java:62)
at java.base/jdk.internal.reflect.DelegatingMethodAccessorImpl.invoke(DelegatingMethodAccessorImpl.java:43)
at java.base/java.lang.reflect.Method.invoke(Method.java:566)
at org.testng.internal.MethodInvocationHelper.invokeMethod(MethodInvocationHelper.java:133)
at org.testng.internal.TestInvoker.invokeMethod(TestInvoker.java:584)
at org.testng.internal.TestInvoker.invokeTestMethod(TestInvoker.java:172)
at org.testng.internal.MethodRunner.runInSequence(MethodRunner.java:46)
at org.testng.internal.TestInvoker$MethodInvocationAgent.invoke(TestInvoker.java:804)
at org.testng.internal.TestInvoker.invokeTestMethods(TestInvoker.java:145)
at org.testng.internal.TestMethodWorker.invokeTestMethods(TestMethodWorker.java:146)
at org.testng.internal.TestMethodWorker.run(TestMethodWorker.java:128)
at java.base/java.util.ArrayList.forEach(ArrayList.java:1541)
at org.testng.TestRunner.privateRun(TestRunner.java:770)
at org.testng.TestRunner.run(TestRunner.java:591)
at org.testng.SuiteRunner.runTest(SuiteRunner.java:402)
at org.testng.SuiteRunner.runSequentially(SuiteRunner.java:396)
at org.testng.SuiteRunner.privateRun(SuiteRunner.java:355)
at org.testng.SuiteRunner.run(SuiteRunner.java:304)
at org.testng.SuiteRunnerWorker.runSuite(SuiteRunnerWorker.java:53)
at org.testng.SuiteRunnerWorker.run(SuiteRunnerWorker.java:96)
at org.testng.TestNG.runSuitesSequentially(TestNG.java:1180)
at org.testng.TestNG.runSuitesLocally(TestNG.java:1102)
at org.testng.TestNG.runSuites(TestNG.java:1032)
at org.testng.TestNG.run(TestNG.java:1000)
at org.apache.maven.surefire.testng.TestNGExecutor.run(TestNGExecutor.java:155)
at org.apache.maven.surefire.testng.TestNGDirectoryTestSuite.executeMulti(TestNGDirectoryTestSuite.java:169)
at org.apache.maven.surefire.testng.TestNGDirectoryTestSuite.execute(TestNGDirectoryTestSuite.java:88)
at org.apache.maven.surefire.testng.TestNGProvider.invoke(TestNGProvider.java:137)
at org.apache.maven.surefire.booter.ForkedBooter.runSuitesInProcess(ForkedBooter.java:385)
at org.apache.maven.surefire.booter.ForkedBooter.execute(ForkedBooter.java:162)
at org.apache.maven.surefire.booter.ForkedBooter.run(ForkedBooter.java:507)
at org.apache.maven.surefire.booter.ForkedBooter.main(ForkedBooter.java:495)
]]>
            </full-stacktrace>
          </exception> <!-- java.lang.AssertionError -->
          <reporter-output>
          </reporter-output>
        </test-method> <!-- getAUserTest -->
        <test-method signature="getUserTest()[pri:0, instance:NewSpecificationConcept.RequestSpecReuseTest@6a78afa0]" started-at="2025-04-15T00:07:23 IST" name="getUserTest" finished-at="2025-04-15T00:07:24 IST" duration-ms="977" status="PASS">
          <reporter-output>
          </reporter-output>
        </test-method> <!-- getUserTest -->
        <test-method signature="getWrongUserTest()[pri:0, instance:NewSpecificationConcept.RequestSpecReuseTest@6a78afa0]" started-at="2025-04-15T00:07:24 IST" name="getWrongUserTest" finished-at="2025-04-15T00:07:25 IST" duration-ms="934" status="PASS">
          <reporter-output>
          </reporter-output>
        </test-method> <!-- getWrongUserTest -->
      </class> <!-- NewSpecificationConcept.RequestSpecReuseTest -->
      <class name="AuthAPIs.SpotfyAPITest">
        <test-method is-config="true" signature="getAccessToken()[pri:0, instance:AuthAPIs.SpotfyAPITest@217ed35e]" started-at="2025-04-15T00:07:42 IST" name="getAccessToken" finished-at="2025-04-15T00:07:42 IST" duration-ms="189" status="PASS">
          <reporter-output>
          </reporter-output>
        </test-method> <!-- getAccessToken -->
        <test-method signature="getAlbumTest()[pri:0, instance:AuthAPIs.SpotfyAPITest@217ed35e]" started-at="2025-04-15T00:07:42 IST" name="getAlbumTest" finished-at="2025-04-15T00:07:42 IST" duration-ms="232" status="PASS">
          <reporter-output>
          </reporter-output>
        </test-method> <!-- getAlbumTest -->
      </class> <!-- AuthAPIs.SpotfyAPITest -->
      <class name="DeserializationProcess.ProductAPIWithTest">
        <test-method signature="getProductsTest_With_POJO_Desierlization()[pri:0, instance:DeserializationProcess.ProductAPIWithTest@662ac478]" started-at="2025-04-15T00:07:52 IST" name="getProductsTest_With_POJO_Desierlization" finished-at="2025-04-15T00:07:53 IST" duration-ms="486" status="PASS">
          <reporter-output>
          </reporter-output>
        </test-method> <!-- getProductsTest_With_POJO_Desierlization -->
      </class> <!-- DeserializationProcess.ProductAPIWithTest -->
      <class name="XMLAPIs.XMLPathTest">
        <test-method signature="circuitApiTest_Xml()[pri:0, instance:XMLAPIs.XMLPathTest@1f2586d6]" started-at="2025-04-15T00:06:46 IST" name="circuitApiTest_Xml" finished-at="2025-04-15T00:06:47 IST" duration-ms="1794" status="PASS">
          <reporter-output>
          </reporter-output>
        </test-method> <!-- circuitApiTest_Xml -->
        <test-method signature="getEmailByNameUsingGPath()[pri:0, instance:XMLAPIs.XMLPathTest@1f2586d6]" started-at="2025-04-15T00:06:47 IST" name="getEmailByNameUsingGPath" finished-at="2025-04-15T00:06:48 IST" duration-ms="1070" status="FAIL">
          <exception class="java.lang.AssertionError">
            <message>
              <![CDATA[Email mismatch expected [chakrika_naik@sanford.test] but found [[]]]]>
            </message>
            <full-stacktrace>
              <![CDATA[java.lang.AssertionError: Email mismatch expected [chakrika_naik@sanford.test] but found [[]]
at org.testng.Assert.fail(Assert.java:97)
at org.testng.Assert.assertEqualsImpl(Assert.java:136)
at org.testng.Assert.assertEquals(Assert.java:118)
at org.testng.Assert.assertEquals(Assert.java:575)
at XMLAPIs.XMLPathTest.getEmailByNameUsingGPath(XMLPathTest.java:196)
at java.base/jdk.internal.reflect.NativeMethodAccessorImpl.invoke0(Native Method)
at java.base/jdk.internal.reflect.NativeMethodAccessorImpl.invoke(NativeMethodAccessorImpl.java:62)
at java.base/jdk.internal.reflect.DelegatingMethodAccessorImpl.invoke(DelegatingMethodAccessorImpl.java:43)
at java.base/java.lang.reflect.Method.invoke(Method.java:566)
at org.testng.internal.MethodInvocationHelper.invokeMethod(MethodInvocationHelper.java:133)
at org.testng.internal.TestInvoker.invokeMethod(TestInvoker.java:584)
at org.testng.internal.TestInvoker.invokeTestMethod(TestInvoker.java:172)
at org.testng.internal.MethodRunner.runInSequence(MethodRunner.java:46)
at org.testng.internal.TestInvoker$MethodInvocationAgent.invoke(TestInvoker.java:804)
at org.testng.internal.TestInvoker.invokeTestMethods(TestInvoker.java:145)
at org.testng.internal.TestMethodWorker.invokeTestMethods(TestMethodWorker.java:146)
at org.testng.internal.TestMethodWorker.run(TestMethodWorker.java:128)
at java.base/java.util.ArrayList.forEach(ArrayList.java:1541)
at org.testng.TestRunner.privateRun(TestRunner.java:770)
at org.testng.TestRunner.run(TestRunner.java:591)
at org.testng.SuiteRunner.runTest(SuiteRunner.java:402)
at org.testng.SuiteRunner.runSequentially(SuiteRunner.java:396)
at org.testng.SuiteRunner.privateRun(SuiteRunner.java:355)
at org.testng.SuiteRunner.run(SuiteRunner.java:304)
at org.testng.SuiteRunnerWorker.runSuite(SuiteRunnerWorker.java:53)
at org.testng.SuiteRunnerWorker.run(SuiteRunnerWorker.java:96)
at org.testng.TestNG.runSuitesSequentially(TestNG.java:1180)
at org.testng.TestNG.runSuitesLocally(TestNG.java:1102)
at org.testng.TestNG.runSuites(TestNG.java:1032)
at org.testng.TestNG.run(TestNG.java:1000)
at org.apache.maven.surefire.testng.TestNGExecutor.run(TestNGExecutor.java:155)
at org.apache.maven.surefire.testng.TestNGDirectoryTestSuite.executeMulti(TestNGDirectoryTestSuite.java:169)
at org.apache.maven.surefire.testng.TestNGDirectoryTestSuite.execute(TestNGDirectoryTestSuite.java:88)
at org.apache.maven.surefire.testng.TestNGProvider.invoke(TestNGProvider.java:137)
at org.apache.maven.surefire.booter.ForkedBooter.runSuitesInProcess(ForkedBooter.java:385)
at org.apache.maven.surefire.booter.ForkedBooter.execute(ForkedBooter.java:162)
at org.apache.maven.surefire.booter.ForkedBooter.run(ForkedBooter.java:507)
at org.apache.maven.surefire.booter.ForkedBooter.main(ForkedBooter.java:495)
]]>
            </full-stacktrace>
          </exception> <!-- java.lang.AssertionError -->
          <reporter-output>
          </reporter-output>
        </test-method> <!-- getEmailByNameUsingGPath -->
        <test-method signature="getNameAndEmailByIdUsingGPath()[pri:0, instance:XMLAPIs.XMLPathTest@1f2586d6]" started-at="2025-04-15T00:06:48 IST" name="getNameAndEmailByIdUsingGPath" finished-at="2025-04-15T00:06:49 IST" duration-ms="999" status="FAIL">
          <exception class="java.lang.AssertionError">
            <message>
              <![CDATA[Name mismatch expected [Chakrika Naik] but found []]]>
            </message>
            <full-stacktrace>
              <![CDATA[java.lang.AssertionError: Name mismatch expected [Chakrika Naik] but found []
at org.testng.Assert.fail(Assert.java:97)
at org.testng.Assert.assertEqualsImpl(Assert.java:136)
at org.testng.Assert.assertEquals(Assert.java:118)
at org.testng.Assert.assertEquals(Assert.java:575)
at XMLAPIs.XMLPathTest.getNameAndEmailByIdUsingGPath(XMLPathTest.java:215)
at java.base/jdk.internal.reflect.NativeMethodAccessorImpl.invoke0(Native Method)
at java.base/jdk.internal.reflect.NativeMethodAccessorImpl.invoke(NativeMethodAccessorImpl.java:62)
at java.base/jdk.internal.reflect.DelegatingMethodAccessorImpl.invoke(DelegatingMethodAccessorImpl.java:43)
at java.base/java.lang.reflect.Method.invoke(Method.java:566)
at org.testng.internal.MethodInvocationHelper.invokeMethod(MethodInvocationHelper.java:133)
at org.testng.internal.TestInvoker.invokeMethod(TestInvoker.java:584)
at org.testng.internal.TestInvoker.invokeTestMethod(TestInvoker.java:172)
at org.testng.internal.MethodRunner.runInSequence(MethodRunner.java:46)
at org.testng.internal.TestInvoker$MethodInvocationAgent.invoke(TestInvoker.java:804)
at org.testng.internal.TestInvoker.invokeTestMethods(TestInvoker.java:145)
at org.testng.internal.TestMethodWorker.invokeTestMethods(TestMethodWorker.java:146)
at org.testng.internal.TestMethodWorker.run(TestMethodWorker.java:128)
at java.base/java.util.ArrayList.forEach(ArrayList.java:1541)
at org.testng.TestRunner.privateRun(TestRunner.java:770)
at org.testng.TestRunner.run(TestRunner.java:591)
at org.testng.SuiteRunner.runTest(SuiteRunner.java:402)
at org.testng.SuiteRunner.runSequentially(SuiteRunner.java:396)
at org.testng.SuiteRunner.privateRun(SuiteRunner.java:355)
at org.testng.SuiteRunner.run(SuiteRunner.java:304)
at org.testng.SuiteRunnerWorker.runSuite(SuiteRunnerWorker.java:53)
at org.testng.SuiteRunnerWorker.run(SuiteRunnerWorker.java:96)
at org.testng.TestNG.runSuitesSequentially(TestNG.java:1180)
at org.testng.TestNG.runSuitesLocally(TestNG.java:1102)
at org.testng.TestNG.runSuites(TestNG.java:1032)
at org.testng.TestNG.run(TestNG.java:1000)
at org.apache.maven.surefire.testng.TestNGExecutor.run(TestNGExecutor.java:155)
at org.apache.maven.surefire.testng.TestNGDirectoryTestSuite.executeMulti(TestNGDirectoryTestSuite.java:169)
at org.apache.maven.surefire.testng.TestNGDirectoryTestSuite.execute(TestNGDirectoryTestSuite.java:88)
at org.apache.maven.surefire.testng.TestNGProvider.invoke(TestNGProvider.java:137)
at org.apache.maven.surefire.booter.ForkedBooter.runSuitesInProcess(ForkedBooter.java:385)
at org.apache.maven.surefire.booter.ForkedBooter.execute(ForkedBooter.java:162)
at org.apache.maven.surefire.booter.ForkedBooter.run(ForkedBooter.java:507)
at org.apache.maven.surefire.booter.ForkedBooter.main(ForkedBooter.java:495)
]]>
            </full-stacktrace>
          </exception> <!-- java.lang.AssertionError -->
          <reporter-output>
          </reporter-output>
        </test-method> <!-- getNameAndEmailByIdUsingGPath -->
        <test-method signature="getNameEmailAndIdTypeByIdUsingGPath()[pri:0, instance:XMLAPIs.XMLPathTest@1f2586d6]" started-at="2025-04-15T00:06:49 IST" name="getNameEmailAndIdTypeByIdUsingGPath" finished-at="2025-04-15T00:06:50 IST" duration-ms="951" status="FAIL">
          <exception class="java.lang.AssertionError">
            <message>
              <![CDATA[Name mismatch expected [Chakrika Naik] but found []]]>
            </message>
            <full-stacktrace>
              <![CDATA[java.lang.AssertionError: Name mismatch expected [Chakrika Naik] but found []
at org.testng.Assert.fail(Assert.java:97)
at org.testng.Assert.assertEqualsImpl(Assert.java:136)
at org.testng.Assert.assertEquals(Assert.java:118)
at org.testng.Assert.assertEquals(Assert.java:575)
at XMLAPIs.XMLPathTest.getNameEmailAndIdTypeByIdUsingGPath(XMLPathTest.java:241)
at java.base/jdk.internal.reflect.NativeMethodAccessorImpl.invoke0(Native Method)
at java.base/jdk.internal.reflect.NativeMethodAccessorImpl.invoke(NativeMethodAccessorImpl.java:62)
at java.base/jdk.internal.reflect.DelegatingMethodAccessorImpl.invoke(DelegatingMethodAccessorImpl.java:43)
at java.base/java.lang.reflect.Method.invoke(Method.java:566)
at org.testng.internal.MethodInvocationHelper.invokeMethod(MethodInvocationHelper.java:133)
at org.testng.internal.TestInvoker.invokeMethod(TestInvoker.java:584)
at org.testng.internal.TestInvoker.invokeTestMethod(TestInvoker.java:172)
at org.testng.internal.MethodRunner.runInSequence(MethodRunner.java:46)
at org.testng.internal.TestInvoker$MethodInvocationAgent.invoke(TestInvoker.java:804)
at org.testng.internal.TestInvoker.invokeTestMethods(TestInvoker.java:145)
at org.testng.internal.TestMethodWorker.invokeTestMethods(TestMethodWorker.java:146)
at org.testng.internal.TestMethodWorker.run(TestMethodWorker.java:128)
at java.base/java.util.ArrayList.forEach(ArrayList.java:1541)
at org.testng.TestRunner.privateRun(TestRunner.java:770)
at org.testng.TestRunner.run(TestRunner.java:591)
at org.testng.SuiteRunner.runTest(SuiteRunner.java:402)
at org.testng.SuiteRunner.runSequentially(SuiteRunner.java:396)
at org.testng.SuiteRunner.privateRun(SuiteRunner.java:355)
at org.testng.SuiteRunner.run(SuiteRunner.java:304)
at org.testng.SuiteRunnerWorker.runSuite(SuiteRunnerWorker.java:53)
at org.testng.SuiteRunnerWorker.run(SuiteRunnerWorker.java:96)
at org.testng.TestNG.runSuitesSequentially(TestNG.java:1180)
at org.testng.TestNG.runSuitesLocally(TestNG.java:1102)
at org.testng.TestNG.runSuites(TestNG.java:1032)
at org.testng.TestNG.run(TestNG.java:1000)
at org.apache.maven.surefire.testng.TestNGExecutor.run(TestNGExecutor.java:155)
at org.apache.maven.surefire.testng.TestNGDirectoryTestSuite.executeMulti(TestNGDirectoryTestSuite.java:169)
at org.apache.maven.surefire.testng.TestNGDirectoryTestSuite.execute(TestNGDirectoryTestSuite.java:88)
at org.apache.maven.surefire.testng.TestNGProvider.invoke(TestNGProvider.java:137)
at org.apache.maven.surefire.booter.ForkedBooter.runSuitesInProcess(ForkedBooter.java:385)
at org.apache.maven.surefire.booter.ForkedBooter.execute(ForkedBooter.java:162)
at org.apache.maven.surefire.booter.ForkedBooter.run(ForkedBooter.java:507)
at org.apache.maven.surefire.booter.ForkedBooter.main(ForkedBooter.java:495)
]]>
            </full-stacktrace>
          </exception> <!-- java.lang.AssertionError -->
          <reporter-output>
          </reporter-output>
        </test-method> <!-- getNameEmailAndIdTypeByIdUsingGPath -->
        <test-method signature="testFetchUserById()[pri:0, instance:XMLAPIs.XMLPathTest@1f2586d6]" started-at="2025-04-15T00:06:50 IST" name="testFetchUserById" finished-at="2025-04-15T00:06:51 IST" duration-ms="680" status="PASS">
          <reporter-output>
          </reporter-output>
        </test-method> <!-- testFetchUserById -->
        <test-method signature="testFetchUserIdByName()[pri:0, instance:XMLAPIs.XMLPathTest@1f2586d6]" started-at="2025-04-15T00:06:51 IST" name="testFetchUserIdByName" finished-at="2025-04-15T00:06:52 IST" duration-ms="943" status="PASS">
          <reporter-output>
          </reporter-output>
        </test-method> <!-- testFetchUserIdByName -->
        <test-method signature="xmlPathTest()[pri:0, instance:XMLAPIs.XMLPathTest@1f2586d6]" started-at="2025-04-15T00:06:52 IST" name="xmlPathTest" finished-at="2025-04-15T00:06:52 IST" duration-ms="348" status="PASS">
          <reporter-output>
          </reporter-output>
        </test-method> <!-- xmlPathTest -->
        <test-method signature="xmlTest()[pri:0, instance:XMLAPIs.XMLPathTest@1f2586d6]" started-at="2025-04-15T00:06:52 IST" name="xmlTest" finished-at="2025-04-15T00:06:52 IST" duration-ms="33" status="PASS">
          <reporter-output>
          </reporter-output>
        </test-method> <!-- xmlTest -->
        <test-method signature="xmlTest_With_XMLResponse_Desrialization()[pri:0, instance:XMLAPIs.XMLPathTest@1f2586d6]" started-at="2025-04-15T00:06:52 IST" name="xmlTest_With_XMLResponse_Desrialization" finished-at="2025-04-15T00:06:53 IST" duration-ms="641" status="PASS">
          <reporter-output>
          </reporter-output>
        </test-method> <!-- xmlTest_With_XMLResponse_Desrialization -->
      </class> <!-- XMLAPIs.XMLPathTest -->
      <class name="NewSpecificationConcept.RequestSpecificationTest">
        <test-method signature="getUserTest()[pri:0, instance:NewSpecificationConcept.RequestSpecificationTest@5aa9e4eb]" started-at="2025-04-15T00:07:25 IST" name="getUserTest" finished-at="2025-04-15T00:07:26 IST" duration-ms="1596" status="FAIL">
          <exception class="java.lang.AssertionError">
            <message>
              <![CDATA[1 expectation failed.
Expected status code <200> but was <404>.
]]>
            </message>
            <full-stacktrace>
              <![CDATA[java.lang.AssertionError: 1 expectation failed.
Expected status code <200> but was <404>.

at java.base/jdk.internal.reflect.NativeConstructorAccessorImpl.newInstance0(Native Method)
at java.base/jdk.internal.reflect.NativeConstructorAccessorImpl.newInstance(NativeConstructorAccessorImpl.java:62)
at java.base/jdk.internal.reflect.DelegatingConstructorAccessorImpl.newInstance(DelegatingConstructorAccessorImpl.java:45)
at java.base/java.lang.reflect.Constructor.newInstance(Constructor.java:490)
at org.codehaus.groovy.reflection.CachedConstructor.invoke(CachedConstructor.java:73)
at org.codehaus.groovy.reflection.CachedConstructor.doConstructorInvoke(CachedConstructor.java:60)
at org.codehaus.groovy.runtime.callsite.ConstructorSite$ConstructorSiteNoUnwrap.callConstructor(ConstructorSite.java:86)
at org.codehaus.groovy.runtime.callsite.AbstractCallSite.callConstructor(AbstractCallSite.java:277)
at io.restassured.internal.ResponseSpecificationImpl$HamcrestAssertionClosure.validate(ResponseSpecificationImpl.groovy:512)
at io.restassured.internal.ResponseSpecificationImpl$HamcrestAssertionClosure$validate$1.call(Unknown Source)
at io.restassured.internal.ResponseSpecificationImpl.validateResponseIfRequired(ResponseSpecificationImpl.groovy:696)
at io.restassured.internal.ResponseSpecificationImpl.this$2$validateResponseIfRequired(ResponseSpecificationImpl.groovy)
at jdk.internal.reflect.GeneratedMethodAccessor166.invoke(Unknown Source)
at java.base/jdk.internal.reflect.DelegatingMethodAccessorImpl.invoke(DelegatingMethodAccessorImpl.java:43)
at java.base/java.lang.reflect.Method.invoke(Method.java:566)
at org.codehaus.groovy.runtime.callsite.PlainObjectMetaMethodSite.doInvoke(PlainObjectMetaMethodSite.java:43)
at org.codehaus.groovy.runtime.callsite.PogoMetaMethodSite$PogoCachedMethodSiteNoUnwrapNoCoerce.invoke(PogoMetaMethodSite.java:198)
at org.codehaus.groovy.runtime.callsite.PogoMetaMethodSite.callCurrent(PogoMetaMethodSite.java:62)
at org.codehaus.groovy.runtime.callsite.AbstractCallSite.callCurrent(AbstractCallSite.java:185)
at io.restassured.internal.ResponseSpecificationImpl.statusCode(ResponseSpecificationImpl.groovy:135)
at io.restassured.specification.ResponseSpecification$statusCode$2.callCurrent(Unknown Source)
at io.restassured.internal.ResponseSpecificationImpl.statusCode(ResponseSpecificationImpl.groovy:143)
at io.restassured.internal.ValidatableResponseOptionsImpl.statusCode(ValidatableResponseOptionsImpl.java:89)
at NewSpecificationConcept.RequestSpecificationTest.getUserTest(RequestSpecificationTest.java:59)
at java.base/jdk.internal.reflect.NativeMethodAccessorImpl.invoke0(Native Method)
at java.base/jdk.internal.reflect.NativeMethodAccessorImpl.invoke(NativeMethodAccessorImpl.java:62)
at java.base/jdk.internal.reflect.DelegatingMethodAccessorImpl.invoke(DelegatingMethodAccessorImpl.java:43)
at java.base/java.lang.reflect.Method.invoke(Method.java:566)
at org.testng.internal.MethodInvocationHelper.invokeMethod(MethodInvocationHelper.java:133)
at org.testng.internal.TestInvoker.invokeMethod(TestInvoker.java:584)
at org.testng.internal.TestInvoker.invokeTestMethod(TestInvoker.java:172)
at org.testng.internal.MethodRunner.runInSequence(MethodRunner.java:46)
at org.testng.internal.TestInvoker$MethodInvocationAgent.invoke(TestInvoker.java:804)
at org.testng.internal.TestInvoker.invokeTestMethods(TestInvoker.java:145)
at org.testng.internal.TestMethodWorker.invokeTestMethods(TestMethodWorker.java:146)
at org.testng.internal.TestMethodWorker.run(TestMethodWorker.java:128)
at java.base/java.util.ArrayList.forEach(ArrayList.java:1541)
at org.testng.TestRunner.privateRun(TestRunner.java:770)
at org.testng.TestRunner.run(TestRunner.java:591)
at org.testng.SuiteRunner.runTest(SuiteRunner.java:402)
at org.testng.SuiteRunner.runSequentially(SuiteRunner.java:396)
at org.testng.SuiteRunner.privateRun(SuiteRunner.java:355)
at org.testng.SuiteRunner.run(SuiteRunner.java:304)
at org.testng.SuiteRunnerWorker.runSuite(SuiteRunnerWorker.java:53)
at org.testng.SuiteRunnerWorker.run(SuiteRunnerWorker.java:96)
at org.testng.TestNG.runSuitesSequentially(TestNG.java:1180)
at org.testng.TestNG.runSuitesLocally(TestNG.java:1102)
at org.testng.TestNG.runSuites(TestNG.java:1032)
at org.testng.TestNG.run(TestNG.java:1000)
at org.apache.maven.surefire.testng.TestNGExecutor.run(TestNGExecutor.java:155)
at org.apache.maven.surefire.testng.TestNGDirectoryTestSuite.executeMulti(TestNGDirectoryTestSuite.java:169)
at org.apache.maven.surefire.testng.TestNGDirectoryTestSuite.execute(TestNGDirectoryTestSuite.java:88)
at org.apache.maven.surefire.testng.TestNGProvider.invoke(TestNGProvider.java:137)
at org.apache.maven.surefire.booter.ForkedBooter.runSuitesInProcess(ForkedBooter.java:385)
at org.apache.maven.surefire.booter.ForkedBooter.execute(ForkedBooter.java:162)
at org.apache.maven.surefire.booter.ForkedBooter.run(ForkedBooter.java:507)
at org.apache.maven.surefire.booter.ForkedBooter.main(ForkedBooter.java:495)
]]>
            </full-stacktrace>
          </exception> <!-- java.lang.AssertionError -->
          <reporter-output>
          </reporter-output>
        </test-method> <!-- getUserTest -->
        <test-method signature="getUserTest_With_QueryParam()[pri:0, instance:NewSpecificationConcept.RequestSpecificationTest@5aa9e4eb]" started-at="2025-04-15T00:07:26 IST" name="getUserTest_With_QueryParam" finished-at="2025-04-15T00:07:27 IST" duration-ms="1012" status="PASS">
          <reporter-output>
          </reporter-output>
        </test-method> <!-- getUserTest_With_QueryParam -->
        <test-method signature="reqSpecTest()[pri:0, instance:NewSpecificationConcept.RequestSpecificationTest@5aa9e4eb]" started-at="2025-04-15T00:07:27 IST" name="reqSpecTest" finished-at="2025-04-15T00:07:28 IST" duration-ms="961" status="PASS">
          <reporter-output>
          </reporter-output>
        </test-method> <!-- reqSpecTest -->
      </class> <!-- NewSpecificationConcept.RequestSpecificationTest -->
      <class name="XMLAPITests.GORestXMLPathTest">
        <test-method signature="Xmltest_With_Deserialization()[pri:0, instance:XMLAPITests.GORestXMLPathTest@77c2494c]" started-at="2025-04-15T00:07:56 IST" name="Xmltest_With_Deserialization" finished-at="2025-04-15T00:07:57 IST" duration-ms="615" status="PASS">
          <reporter-output>
          </reporter-output>
        </test-method> <!-- Xmltest_With_Deserialization -->
        <test-method signature="gorestAPITest()[pri:0, instance:XMLAPITests.GORestXMLPathTest@77c2494c]" started-at="2025-04-15T00:07:57 IST" name="gorestAPITest" finished-at="2025-04-15T00:07:58 IST" duration-ms="967" status="PASS">
          <reporter-output>
          </reporter-output>
        </test-method> <!-- gorestAPITest -->
      </class> <!-- XMLAPITests.GORestXMLPathTest -->
      <class name="FakeUserAPITests.CreateFakeUserTest">
        <test-method signature="createUserTest_LombokBuilder()[pri:0, instance:FakeUserAPITests.CreateFakeUserTest@385c9627]" started-at="2025-04-15T00:07:33 IST" name="createUserTest_LombokBuilder" finished-at="2025-04-15T00:07:33 IST" duration-ms="562" status="PASS">
          <reporter-output>
          </reporter-output>
        </test-method> <!-- createUserTest_LombokBuilder -->
        <test-method signature="createUserTest_LombokPojo()[pri:0, instance:FakeUserAPITests.CreateFakeUserTest@385c9627]" started-at="2025-04-15T00:07:33 IST" name="createUserTest_LombokPojo" finished-at="2025-04-15T00:07:34 IST" duration-ms="891" status="PASS">
          <reporter-output>
          </reporter-output>
        </test-method> <!-- createUserTest_LombokPojo -->
        <test-method signature="getAuthTokenTest_WithJSONFILE()[pri:0, instance:FakeUserAPITests.CreateFakeUserTest@385c9627]" started-at="2025-04-15T00:07:34 IST" name="getAuthTokenTest_WithJSONFILE" finished-at="2025-04-15T00:07:35 IST" duration-ms="954" status="FAIL">
          <exception class="java.lang.AssertionError">
            <message>
              <![CDATA[1 expectation failed.
Expected status code <201> but was <422>.
]]>
            </message>
            <full-stacktrace>
              <![CDATA[java.lang.AssertionError: 1 expectation failed.
Expected status code <201> but was <422>.

at java.base/jdk.internal.reflect.NativeConstructorAccessorImpl.newInstance0(Native Method)
at java.base/jdk.internal.reflect.NativeConstructorAccessorImpl.newInstance(NativeConstructorAccessorImpl.java:62)
at java.base/jdk.internal.reflect.DelegatingConstructorAccessorImpl.newInstance(DelegatingConstructorAccessorImpl.java:45)
at java.base/java.lang.reflect.Constructor.newInstance(Constructor.java:490)
at org.codehaus.groovy.reflection.CachedConstructor.invoke(CachedConstructor.java:73)
at org.codehaus.groovy.reflection.CachedConstructor.doConstructorInvoke(CachedConstructor.java:60)
at org.codehaus.groovy.runtime.callsite.ConstructorSite$ConstructorSiteNoUnwrap.callConstructor(ConstructorSite.java:86)
at org.codehaus.groovy.runtime.callsite.AbstractCallSite.callConstructor(AbstractCallSite.java:277)
at io.restassured.internal.ResponseSpecificationImpl$HamcrestAssertionClosure.validate(ResponseSpecificationImpl.groovy:512)
at io.restassured.internal.ResponseSpecificationImpl$HamcrestAssertionClosure$validate$1.call(Unknown Source)
at io.restassured.internal.ResponseSpecificationImpl.validateResponseIfRequired(ResponseSpecificationImpl.groovy:696)
at io.restassured.internal.ResponseSpecificationImpl.this$2$validateResponseIfRequired(ResponseSpecificationImpl.groovy)
at jdk.internal.reflect.GeneratedMethodAccessor166.invoke(Unknown Source)
at java.base/jdk.internal.reflect.DelegatingMethodAccessorImpl.invoke(DelegatingMethodAccessorImpl.java:43)
at java.base/java.lang.reflect.Method.invoke(Method.java:566)
at org.codehaus.groovy.runtime.callsite.PlainObjectMetaMethodSite.doInvoke(PlainObjectMetaMethodSite.java:43)
at org.codehaus.groovy.runtime.callsite.PogoMetaMethodSite$PogoCachedMethodSiteNoUnwrapNoCoerce.invoke(PogoMetaMethodSite.java:198)
at org.codehaus.groovy.runtime.callsite.PogoMetaMethodSite.callCurrent(PogoMetaMethodSite.java:62)
at org.codehaus.groovy.runtime.callsite.AbstractCallSite.callCurrent(AbstractCallSite.java:185)
at io.restassured.internal.ResponseSpecificationImpl.statusCode(ResponseSpecificationImpl.groovy:135)
at io.restassured.specification.ResponseSpecification$statusCode$2.callCurrent(Unknown Source)
at io.restassured.internal.ResponseSpecificationImpl.statusCode(ResponseSpecificationImpl.groovy:143)
at io.restassured.internal.ValidatableResponseOptionsImpl.statusCode(ValidatableResponseOptionsImpl.java:89)
at FakeUserAPITests.CreateFakeUserTest.getAuthTokenTest_WithJSONFILE(CreateFakeUserTest.java:105)
at java.base/jdk.internal.reflect.NativeMethodAccessorImpl.invoke0(Native Method)
at java.base/jdk.internal.reflect.NativeMethodAccessorImpl.invoke(NativeMethodAccessorImpl.java:62)
at java.base/jdk.internal.reflect.DelegatingMethodAccessorImpl.invoke(DelegatingMethodAccessorImpl.java:43)
at java.base/java.lang.reflect.Method.invoke(Method.java:566)
at org.testng.internal.MethodInvocationHelper.invokeMethod(MethodInvocationHelper.java:133)
at org.testng.internal.TestInvoker.invokeMethod(TestInvoker.java:584)
at org.testng.internal.TestInvoker.invokeTestMethod(TestInvoker.java:172)
at org.testng.internal.MethodRunner.runInSequence(MethodRunner.java:46)
at org.testng.internal.TestInvoker$MethodInvocationAgent.invoke(TestInvoker.java:804)
at org.testng.internal.TestInvoker.invokeTestMethods(TestInvoker.java:145)
at org.testng.internal.TestMethodWorker.invokeTestMethods(TestMethodWorker.java:146)
at org.testng.internal.TestMethodWorker.run(TestMethodWorker.java:128)
at java.base/java.util.ArrayList.forEach(ArrayList.java:1541)
at org.testng.TestRunner.privateRun(TestRunner.java:770)
at org.testng.TestRunner.run(TestRunner.java:591)
at org.testng.SuiteRunner.runTest(SuiteRunner.java:402)
at org.testng.SuiteRunner.runSequentially(SuiteRunner.java:396)
at org.testng.SuiteRunner.privateRun(SuiteRunner.java:355)
at org.testng.SuiteRunner.run(SuiteRunner.java:304)
at org.testng.SuiteRunnerWorker.runSuite(SuiteRunnerWorker.java:53)
at org.testng.SuiteRunnerWorker.run(SuiteRunnerWorker.java:96)
at org.testng.TestNG.runSuitesSequentially(TestNG.java:1180)
at org.testng.TestNG.runSuitesLocally(TestNG.java:1102)
at org.testng.TestNG.runSuites(TestNG.java:1032)
at org.testng.TestNG.run(TestNG.java:1000)
at org.apache.maven.surefire.testng.TestNGExecutor.run(TestNGExecutor.java:155)
at org.apache.maven.surefire.testng.TestNGDirectoryTestSuite.executeMulti(TestNGDirectoryTestSuite.java:169)
at org.apache.maven.surefire.testng.TestNGDirectoryTestSuite.execute(TestNGDirectoryTestSuite.java:88)
at org.apache.maven.surefire.testng.TestNGProvider.invoke(TestNGProvider.java:137)
at org.apache.maven.surefire.booter.ForkedBooter.runSuitesInProcess(ForkedBooter.java:385)
at org.apache.maven.surefire.booter.ForkedBooter.execute(ForkedBooter.java:162)
at org.apache.maven.surefire.booter.ForkedBooter.run(ForkedBooter.java:507)
at org.apache.maven.surefire.booter.ForkedBooter.main(ForkedBooter.java:495)
]]>
            </full-stacktrace>
          </exception> <!-- java.lang.AssertionError -->
          <reporter-output>
          </reporter-output>
        </test-method> <!-- getAuthTokenTest_WithJSONFILE -->
      </class> <!-- FakeUserAPITests.CreateFakeUserTest -->
      <class name="AuthAPIs.OAuth1APITest">
        <test-method signature="flickAPITest()[pri:0, instance:AuthAPIs.OAuth1APITest@682b2fa]" started-at="2025-04-15T00:07:41 IST" name="flickAPITest" finished-at="2025-04-15T00:07:42 IST" duration-ms="527" status="PASS">
          <reporter-output>
          </reporter-output>
        </test-method> <!-- flickAPITest -->
      </class> <!-- AuthAPIs.OAuth1APITest -->
      <class name="CertificateHandling.SSLCertificateTest">
        <test-method signature="sslTest()[pri:0, instance:CertificateHandling.SSLCertificateTest@31190526]" started-at="2025-04-15T00:07:50 IST" name="sslTest" finished-at="2025-04-15T00:07:51 IST" duration-ms="1535" status="PASS">
          <reporter-output>
          </reporter-output>
        </test-method> <!-- sslTest -->
        <test-method signature="sslTest_With_Config()[pri:0, instance:CertificateHandling.SSLCertificateTest@31190526]" started-at="2025-04-15T00:07:51 IST" name="sslTest_With_Config" finished-at="2025-04-15T00:07:52 IST" duration-ms="1368" status="PASS">
          <reporter-output>
          </reporter-output>
        </test-method> <!-- sslTest_With_Config -->
      </class> <!-- CertificateHandling.SSLCertificateTest -->
      <class name="JaywayJsonPath.JsonPathTest">
        <test-method signature="getProductAPITest_JsonPath()[pri:0, instance:JaywayJsonPath.JsonPathTest@3eb25e1a]" started-at="2025-04-15T00:07:55 IST" name="getProductAPITest_JsonPath" finished-at="2025-04-15T00:07:55 IST" duration-ms="528" status="PASS">
          <reporter-output>
          </reporter-output>
        </test-method> <!-- getProductAPITest_JsonPath -->
        <test-method signature="productApiTest_ConditionalExamples_WithThreeAttributes()[pri:0, instance:JaywayJsonPath.JsonPathTest@3eb25e1a]" started-at="2025-04-15T00:07:55 IST" name="productApiTest_ConditionalExamples_WithThreeAttributes" finished-at="2025-04-15T00:07:56 IST" duration-ms="443" status="PASS">
          <reporter-output>
          </reporter-output>
        </test-method> <!-- productApiTest_ConditionalExamples_WithThreeAttributes -->
        <test-method signature="productApiTest_ConditionalExamples_WithTwoAttributes()[pri:0, instance:JaywayJsonPath.JsonPathTest@3eb25e1a]" started-at="2025-04-15T00:07:56 IST" name="productApiTest_ConditionalExamples_WithTwoAttributes" finished-at="2025-04-15T00:07:56 IST" duration-ms="425" status="PASS">
          <reporter-output>
          </reporter-output>
        </test-method> <!-- productApiTest_ConditionalExamples_WithTwoAttributes -->
      </class> <!-- JaywayJsonPath.JsonPathTest -->
      <class name="POSTWithAuthAPI.AuthAPITest">
        <test-method signature="getAuthTokenTest_WithJSON()[pri:0, instance:POSTWithAuthAPI.AuthAPITest@6989da5e]" started-at="2025-04-15T00:07:28 IST" name="getAuthTokenTest_WithJSON" finished-at="2025-04-15T00:07:30 IST" duration-ms="1422" status="PASS">
          <reporter-output>
          </reporter-output>
        </test-method> <!-- getAuthTokenTest_WithJSON -->
        <test-method signature="getAuthTokenTest_WithJSONFILE()[pri:0, instance:POSTWithAuthAPI.AuthAPITest@6989da5e]" started-at="2025-04-15T00:07:30 IST" name="getAuthTokenTest_WithJSONFILE" finished-at="2025-04-15T00:07:31 IST" duration-ms="1337" status="PASS">
          <reporter-output>
          </reporter-output>
        </test-method> <!-- getAuthTokenTest_WithJSONFILE -->
        <test-method signature="getAuthTokenTest_WithPOJOClass()[pri:0, instance:POSTWithAuthAPI.AuthAPITest@6989da5e]" started-at="2025-04-15T00:07:31 IST" name="getAuthTokenTest_WithPOJOClass" finished-at="2025-04-15T00:07:33 IST" duration-ms="1571" status="PASS">
          <reporter-output>
          </reporter-output>
        </test-method> <!-- getAuthTokenTest_WithPOJOClass -->
      </class> <!-- POSTWithAuthAPI.AuthAPITest -->
      <class name="GETAPITestsWithBDD.ContactsAPIsTest">
        <test-method is-config="true" signature="setup()[pri:0, instance:GETAPITestsWithBDD.ContactsAPIsTest@2f4948e4]" started-at="2025-04-15T00:06:42 IST" name="setup" finished-at="2025-04-15T00:06:42 IST" duration-ms="1" status="PASS">
          <reporter-output>
          </reporter-output>
        </test-method> <!-- setup -->
        <test-method signature="getContactsAPITest()[pri:0, instance:GETAPITestsWithBDD.ContactsAPIsTest@2f4948e4]" started-at="2025-04-15T00:06:42 IST" name="getContactsAPITest" finished-at="2025-04-15T00:06:44 IST" duration-ms="1968" status="FAIL">
          <exception class="java.lang.AssertionError">
            <message>
              <![CDATA[1 expectation failed.
Expected status code <200> but was <401>.
]]>
            </message>
            <full-stacktrace>
              <![CDATA[java.lang.AssertionError: 1 expectation failed.
Expected status code <200> but was <401>.

at java.base/jdk.internal.reflect.NativeConstructorAccessorImpl.newInstance0(Native Method)
at java.base/jdk.internal.reflect.NativeConstructorAccessorImpl.newInstance(NativeConstructorAccessorImpl.java:62)
at java.base/jdk.internal.reflect.DelegatingConstructorAccessorImpl.newInstance(DelegatingConstructorAccessorImpl.java:45)
at java.base/java.lang.reflect.Constructor.newInstance(Constructor.java:490)
at org.codehaus.groovy.reflection.CachedConstructor.invoke(CachedConstructor.java:73)
at org.codehaus.groovy.reflection.CachedConstructor.doConstructorInvoke(CachedConstructor.java:60)
at org.codehaus.groovy.runtime.callsite.ConstructorSite$ConstructorSiteNoUnwrap.callConstructor(ConstructorSite.java:86)
at org.codehaus.groovy.runtime.callsite.CallSiteArray.defaultCallConstructor(CallSiteArray.java:57)
at org.codehaus.groovy.runtime.callsite.AbstractCallSite.callConstructor(AbstractCallSite.java:263)
at org.codehaus.groovy.runtime.callsite.AbstractCallSite.callConstructor(AbstractCallSite.java:277)
at io.restassured.internal.ResponseSpecificationImpl$HamcrestAssertionClosure.validate(ResponseSpecificationImpl.groovy:512)
at io.restassured.internal.ResponseSpecificationImpl$HamcrestAssertionClosure$validate$1.call(Unknown Source)
at org.codehaus.groovy.runtime.callsite.CallSiteArray.defaultCall(CallSiteArray.java:45)
at org.codehaus.groovy.runtime.callsite.AbstractCallSite.call(AbstractCallSite.java:125)
at org.codehaus.groovy.runtime.callsite.AbstractCallSite.call(AbstractCallSite.java:139)
at io.restassured.internal.ResponseSpecificationImpl.validateResponseIfRequired(ResponseSpecificationImpl.groovy:696)
at io.restassured.internal.ResponseSpecificationImpl.this$2$validateResponseIfRequired(ResponseSpecificationImpl.groovy)
at java.base/jdk.internal.reflect.NativeMethodAccessorImpl.invoke0(Native Method)
at java.base/jdk.internal.reflect.NativeMethodAccessorImpl.invoke(NativeMethodAccessorImpl.java:62)
at java.base/jdk.internal.reflect.DelegatingMethodAccessorImpl.invoke(DelegatingMethodAccessorImpl.java:43)
at java.base/java.lang.reflect.Method.invoke(Method.java:566)
at org.codehaus.groovy.runtime.callsite.PlainObjectMetaMethodSite.doInvoke(PlainObjectMetaMethodSite.java:43)
at org.codehaus.groovy.runtime.callsite.PogoMetaMethodSite$PogoCachedMethodSiteNoUnwrapNoCoerce.invoke(PogoMetaMethodSite.java:198)
at org.codehaus.groovy.runtime.callsite.PogoMetaMethodSite.callCurrent(PogoMetaMethodSite.java:62)
at org.codehaus.groovy.runtime.callsite.AbstractCallSite.callCurrent(AbstractCallSite.java:185)
at io.restassured.internal.ResponseSpecificationImpl.statusCode(ResponseSpecificationImpl.groovy:135)
at io.restassured.specification.ResponseSpecification$statusCode$2.callCurrent(Unknown Source)
at org.codehaus.groovy.runtime.callsite.CallSiteArray.defaultCallCurrent(CallSiteArray.java:49)
at org.codehaus.groovy.runtime.callsite.AbstractCallSite.callCurrent(AbstractCallSite.java:171)
at org.codehaus.groovy.runtime.callsite.AbstractCallSite.callCurrent(AbstractCallSite.java:185)
at io.restassured.internal.ResponseSpecificationImpl.statusCode(ResponseSpecificationImpl.groovy:143)
at io.restassured.internal.ValidatableResponseOptionsImpl.statusCode(ValidatableResponseOptionsImpl.java:89)
at GETAPITestsWithBDD.ContactsAPIsTest.getContactsAPITest(ContactsAPIsTest.java:33)
at java.base/jdk.internal.reflect.NativeMethodAccessorImpl.invoke0(Native Method)
at java.base/jdk.internal.reflect.NativeMethodAccessorImpl.invoke(NativeMethodAccessorImpl.java:62)
at java.base/jdk.internal.reflect.DelegatingMethodAccessorImpl.invoke(DelegatingMethodAccessorImpl.java:43)
at java.base/java.lang.reflect.Method.invoke(Method.java:566)
at org.testng.internal.MethodInvocationHelper.invokeMethod(MethodInvocationHelper.java:133)
at org.testng.internal.TestInvoker.invokeMethod(TestInvoker.java:584)
at org.testng.internal.TestInvoker.invokeTestMethod(TestInvoker.java:172)
at org.testng.internal.MethodRunner.runInSequence(MethodRunner.java:46)
at org.testng.internal.TestInvoker$MethodInvocationAgent.invoke(TestInvoker.java:804)
at org.testng.internal.TestInvoker.invokeTestMethods(TestInvoker.java:145)
at org.testng.internal.TestMethodWorker.invokeTestMethods(TestMethodWorker.java:146)
at org.testng.internal.TestMethodWorker.run(TestMethodWorker.java:128)
at java.base/java.util.ArrayList.forEach(ArrayList.java:1541)
at org.testng.TestRunner.privateRun(TestRunner.java:770)
at org.testng.TestRunner.run(TestRunner.java:591)
at org.testng.SuiteRunner.runTest(SuiteRunner.java:402)
at org.testng.SuiteRunner.runSequentially(SuiteRunner.java:396)
at org.testng.SuiteRunner.privateRun(SuiteRunner.java:355)
at org.testng.SuiteRunner.run(SuiteRunner.java:304)
at org.testng.SuiteRunnerWorker.runSuite(SuiteRunnerWorker.java:53)
at org.testng.SuiteRunnerWorker.run(SuiteRunnerWorker.java:96)
at org.testng.TestNG.runSuitesSequentially(TestNG.java:1180)
at org.testng.TestNG.runSuitesLocally(TestNG.java:1102)
at org.testng.TestNG.runSuites(TestNG.java:1032)
at org.testng.TestNG.run(TestNG.java:1000)
at org.apache.maven.surefire.testng.TestNGExecutor.run(TestNGExecutor.java:155)
at org.apache.maven.surefire.testng.TestNGDirectoryTestSuite.executeMulti(TestNGDirectoryTestSuite.java:169)
at org.apache.maven.surefire.testng.TestNGDirectoryTestSuite.execute(TestNGDirectoryTestSuite.java:88)
at org.apache.maven.surefire.testng.TestNGProvider.invoke(TestNGProvider.java:137)
at org.apache.maven.surefire.booter.ForkedBooter.runSuitesInProcess(ForkedBooter.java:385)
at org.apache.maven.surefire.booter.ForkedBooter.execute(ForkedBooter.java:162)
at org.apache.maven.surefire.booter.ForkedBooter.run(ForkedBooter.java:507)
at org.apache.maven.surefire.booter.ForkedBooter.main(ForkedBooter.java:495)
]]>
            </full-stacktrace>
          </exception> <!-- java.lang.AssertionError -->
          <reporter-output>
          </reporter-output>
        </test-method> <!-- getContactsAPITest -->
        <test-method signature="getContactsAPITest_WithInvalidToken()[pri:0, instance:GETAPITestsWithBDD.ContactsAPIsTest@2f4948e4]" started-at="2025-04-15T00:06:44 IST" name="getContactsAPITest_WithInvalidToken" finished-at="2025-04-15T00:06:46 IST" duration-ms="1128" status="PASS">
          <reporter-output>
          </reporter-output>
        </test-method> <!-- getContactsAPITest_WithInvalidToken -->
        <test-method is-config="true" signature="setup()[pri:0, instance:GETAPITestsWithBDD.ContactsAPIsTest@2f4948e4]" started-at="2025-04-15T00:06:44 IST" name="setup" finished-at="2025-04-15T00:06:44 IST" duration-ms="0" status="PASS">
          <reporter-output>
          </reporter-output>
        </test-method> <!-- setup -->
      </class> <!-- GETAPITestsWithBDD.ContactsAPIsTest -->
      <class name="NewSpecificationConcept.RequestResponseSpecificationTest">
        <test-method is-config="true" signature="setup()[pri:0, instance:NewSpecificationConcept.RequestResponseSpecificationTest@dd05255]" started-at="2025-04-15T00:06:42 IST" name="setup" finished-at="2025-04-15T00:06:42 IST" duration-ms="595" status="PASS">
          <reporter-output>
          </reporter-output>
        </test-method> <!-- setup -->
        <test-method signature="checkGetTest()[pri:0, instance:NewSpecificationConcept.RequestResponseSpecificationTest@dd05255]" started-at="2025-04-15T00:07:20 IST" name="checkGetTest" finished-at="2025-04-15T00:07:20 IST" duration-ms="467" status="PASS">
          <reporter-output>
          </reporter-output>
        </test-method> <!-- checkGetTest -->
        <test-method signature="checkGetWithQueryParamTest()[pri:0, instance:NewSpecificationConcept.RequestResponseSpecificationTest@dd05255]" started-at="2025-04-15T00:07:20 IST" name="checkGetWithQueryParamTest" finished-at="2025-04-15T00:07:21 IST" duration-ms="745" status="PASS">
          <reporter-output>
          </reporter-output>
        </test-method> <!-- checkGetWithQueryParamTest -->
        <test-method signature="checkPOSTTest()[pri:0, instance:NewSpecificationConcept.RequestResponseSpecificationTest@dd05255]" started-at="2025-04-15T00:07:21 IST" name="checkPOSTTest" finished-at="2025-04-15T00:07:22 IST" duration-ms="694" status="PASS">
          <reporter-output>
          </reporter-output>
        </test-method> <!-- checkPOSTTest -->
      </class> <!-- NewSpecificationConcept.RequestResponseSpecificationTest -->
      <class name="AuthAPIs.OAuth2APITest">
        <test-method is-config="true" signature="getAccessToken()[pri:0, instance:AuthAPIs.OAuth2APITest@139982de]" started-at="2025-04-15T00:07:35 IST" name="getAccessToken" finished-at="2025-04-15T00:07:36 IST" duration-ms="1324" status="PASS">
          <reporter-output>
          </reporter-output>
        </test-method> <!-- getAccessToken -->
        <test-method signature="getFlightDetailsTest_1()[pri:0, instance:AuthAPIs.OAuth2APITest@139982de]" started-at="2025-04-15T00:07:36 IST" name="getFlightDetailsTest_1" finished-at="2025-04-15T00:07:38 IST" duration-ms="1779" status="PASS">
          <reporter-output>
          </reporter-output>
        </test-method> <!-- getFlightDetailsTest_1 -->
        <test-method is-config="true" signature="getAccessToken()[pri:0, instance:AuthAPIs.OAuth2APITest@139982de]" started-at="2025-04-15T00:07:38 IST" name="getAccessToken" finished-at="2025-04-15T00:07:39 IST" duration-ms="852" status="PASS">
          <reporter-output>
          </reporter-output>
        </test-method> <!-- getAccessToken -->
        <test-method signature="getFlightDetailsTest_2()[pri:0, instance:AuthAPIs.OAuth2APITest@139982de]" started-at="2025-04-15T00:07:39 IST" name="getFlightDetailsTest_2" finished-at="2025-04-15T00:07:41 IST" duration-ms="1904" status="PASS">
          <reporter-output>
          </reporter-output>
        </test-method> <!-- getFlightDetailsTest_2 -->
      </class> <!-- AuthAPIs.OAuth2APITest -->
      <class name="DeserializationProcess.UserAPITest">
        <test-method signature="createUserWith_Lombok()[pri:0, instance:DeserializationProcess.UserAPITest@6743e411]" started-at="2025-04-15T00:07:53 IST" name="createUserWith_Lombok" finished-at="2025-04-15T00:07:55 IST" duration-ms="1670" status="PASS">
          <reporter-output>
          </reporter-output>
        </test-method> <!-- createUserWith_Lombok -->
      </class> <!-- DeserializationProcess.UserAPITest -->
      <class name="RequestResponseSpecUsingBuilder.RequestResponseSpecTest">
        <test-method is-config="true" signature="getAccessToken()[pri:0, instance:RequestResponseSpecUsingBuilder.RequestResponseSpecTest@233795b6]" started-at="2025-04-15T00:08:00 IST" name="getAccessToken" finished-at="2025-04-15T00:08:01 IST" duration-ms="907" status="PASS">
          <reporter-output>
          </reporter-output>
        </test-method> <!-- getAccessToken -->
        <test-method signature="getUserTest()[pri:0, instance:RequestResponseSpecUsingBuilder.RequestResponseSpecTest@233795b6]" started-at="2025-04-15T00:08:01 IST" name="getUserTest" finished-at="2025-04-15T00:08:02 IST" duration-ms="659" status="PASS">
          <reporter-output>
          </reporter-output>
        </test-method> <!-- getUserTest -->
      </class> <!-- RequestResponseSpecUsingBuilder.RequestResponseSpecTest -->
      <class name="BookingAPITests.BookingApiFeatureTests">
        <test-method is-config="true" signature="getToken()[pri:0, instance:BookingAPITests.BookingApiFeatureTests@10683d9d]" started-at="2025-04-15T00:06:53 IST" name="getToken" finished-at="2025-04-15T00:06:55 IST" duration-ms="1664" status="PASS">
          <reporter-output>
          </reporter-output>
        </test-method> <!-- getToken -->
        <test-method signature="createBookingTest()[pri:0, instance:BookingAPITests.BookingApiFeatureTests@10683d9d]" started-at="2025-04-15T00:06:55 IST" name="createBookingTest" finished-at="2025-04-15T00:06:56 IST" duration-ms="1366" status="PASS">
          <reporter-output>
          </reporter-output>
        </test-method> <!-- createBookingTest -->
        <test-method is-config="true" signature="getToken()[pri:0, instance:BookingAPITests.BookingApiFeatureTests@10683d9d]" started-at="2025-04-15T00:06:56 IST" name="getToken" finished-at="2025-04-15T00:06:58 IST" duration-ms="1434" status="PASS">
          <reporter-output>
          </reporter-output>
        </test-method> <!-- getToken -->
        <test-method signature="deleteBookingTest()[pri:0, instance:BookingAPITests.BookingApiFeatureTests@10683d9d]" started-at="2025-04-15T00:06:58 IST" name="deleteBookingTest" finished-at="2025-04-15T00:07:01 IST" duration-ms="3944" status="PASS">
          <reporter-output>
          </reporter-output>
        </test-method> <!-- deleteBookingTest -->
        <test-method is-config="true" signature="getToken()[pri:0, instance:BookingAPITests.BookingApiFeatureTests@10683d9d]" started-at="2025-04-15T00:07:01 IST" name="getToken" finished-at="2025-04-15T00:07:03 IST" duration-ms="1454" status="PASS">
          <reporter-output>
          </reporter-output>
        </test-method> <!-- getToken -->
        <test-method signature="getBookingIdTest()[pri:0, instance:BookingAPITests.BookingApiFeatureTests@10683d9d]" started-at="2025-04-15T00:07:03 IST" name="getBookingIdTest" finished-at="2025-04-15T00:07:06 IST" duration-ms="2699" status="PASS">
          <reporter-output>
          </reporter-output>
        </test-method> <!-- getBookingIdTest -->
        <test-method is-config="true" signature="getToken()[pri:0, instance:BookingAPITests.BookingApiFeatureTests@10683d9d]" started-at="2025-04-15T00:07:06 IST" name="getToken" finished-at="2025-04-15T00:07:07 IST" duration-ms="1371" status="PASS">
          <reporter-output>
          </reporter-output>
        </test-method> <!-- getToken -->
        <test-method signature="getBookingIdsTest()[pri:0, instance:BookingAPITests.BookingApiFeatureTests@10683d9d]" started-at="2025-04-15T00:07:07 IST" name="getBookingIdsTest" finished-at="2025-04-15T00:07:09 IST" duration-ms="1686" status="PASS">
          <reporter-output>
          </reporter-output>
        </test-method> <!-- getBookingIdsTest -->
        <test-method is-config="true" signature="getToken()[pri:0, instance:BookingAPITests.BookingApiFeatureTests@10683d9d]" started-at="2025-04-15T00:07:09 IST" name="getToken" finished-at="2025-04-15T00:07:10 IST" duration-ms="1651" status="PASS">
          <reporter-output>
          </reporter-output>
        </test-method> <!-- getToken -->
        <test-method signature="partialBookingTest()[pri:0, instance:BookingAPITests.BookingApiFeatureTests@10683d9d]" started-at="2025-04-15T00:07:10 IST" name="partialBookingTest" finished-at="2025-04-15T00:07:15 IST" duration-ms="4266" status="PASS">
          <reporter-output>
          </reporter-output>
        </test-method> <!-- partialBookingTest -->
        <test-method is-config="true" signature="getToken()[pri:0, instance:BookingAPITests.BookingApiFeatureTests@10683d9d]" started-at="2025-04-15T00:07:15 IST" name="getToken" finished-at="2025-04-15T00:07:16 IST" duration-ms="1353" status="PASS">
          <reporter-output>
          </reporter-output>
        </test-method> <!-- getToken -->
        <test-method signature="updateBookingTest()[pri:0, instance:BookingAPITests.BookingApiFeatureTests@10683d9d]" started-at="2025-04-15T00:07:16 IST" name="updateBookingTest" finished-at="2025-04-15T00:07:20 IST" duration-ms="4078" status="PASS">
          <reporter-output>
          </reporter-output>
        </test-method> <!-- updateBookingTest -->
      </class> <!-- BookingAPITests.BookingApiFeatureTests -->
      <class name="RequestResponseSpecUsingBuilder.RequestSpecBuilderTest">
        <test-method signature="getUser_WithReq_Spec()[pri:0, instance:RequestResponseSpecUsingBuilder.RequestSpecBuilderTest@f5958c9]" started-at="2025-04-15T00:07:58 IST" name="getUser_WithReq_Spec" finished-at="2025-04-15T00:07:59 IST" duration-ms="1097" status="PASS">
          <reporter-output>
          </reporter-output>
        </test-method> <!-- getUser_WithReq_Spec -->
        <test-method signature="getUser_WithReq_Spec_QueryParam()[pri:0, instance:RequestResponseSpecUsingBuilder.RequestSpecBuilderTest@f5958c9]" started-at="2025-04-15T00:07:59 IST" name="getUser_WithReq_Spec_QueryParam" finished-at="2025-04-15T00:08:00 IST" duration-ms="924" status="PASS">
          <reporter-output>
          </reporter-output>
        </test-method> <!-- getUser_WithReq_Spec_QueryParam -->
      </class> <!-- RequestResponseSpecUsingBuilder.RequestSpecBuilderTest -->
      <class name="NewSpecificationConcept.ResponseSpecificationTest">
        <test-method signature="reqSpecTest()[pri:0, instance:NewSpecificationConcept.ResponseSpecificationTest@3fc2959f]" started-at="2025-04-15T00:07:22 IST" name="reqSpecTest" finished-at="2025-04-15T00:07:22 IST" duration-ms="402" status="PASS">
          <reporter-output>
          </reporter-output>
        </test-method> <!-- reqSpecTest -->
      </class> <!-- NewSpecificationConcept.ResponseSpecificationTest -->
      <class name="GETAPITestsWithoutBDD.ProductAPIsTest">
        <test-method signature="getProductsTest_1()[pri:0, instance:GETAPITestsWithoutBDD.ProductAPIsTest@5bda8e08]" started-at="2025-04-15T00:08:03 IST" name="getProductsTest_1" finished-at="2025-04-15T00:08:04 IST" duration-ms="1468" status="FAIL">
          <exception class="java.lang.AssertionError">
            <message>
              <![CDATA[expected [200] but found [401]]]>
            </message>
            <full-stacktrace>
              <![CDATA[java.lang.AssertionError: expected [200] but found [401]
at org.testng.Assert.fail(Assert.java:97)
at org.testng.Assert.assertEqualsImpl(Assert.java:136)
at org.testng.Assert.assertEquals(Assert.java:118)
at org.testng.Assert.assertEquals(Assert.java:839)
at org.testng.Assert.assertEquals(Assert.java:849)
at GETAPITestsWithoutBDD.ProductAPIsTest.getProductsTest_1(ProductAPIsTest.java:30)
at java.base/jdk.internal.reflect.NativeMethodAccessorImpl.invoke0(Native Method)
at java.base/jdk.internal.reflect.NativeMethodAccessorImpl.invoke(NativeMethodAccessorImpl.java:62)
at java.base/jdk.internal.reflect.DelegatingMethodAccessorImpl.invoke(DelegatingMethodAccessorImpl.java:43)
at java.base/java.lang.reflect.Method.invoke(Method.java:566)
at org.testng.internal.MethodInvocationHelper.invokeMethod(MethodInvocationHelper.java:133)
at org.testng.internal.TestInvoker.invokeMethod(TestInvoker.java:584)
at org.testng.internal.TestInvoker.invokeTestMethod(TestInvoker.java:172)
at org.testng.internal.MethodRunner.runInSequence(MethodRunner.java:46)
at org.testng.internal.TestInvoker$MethodInvocationAgent.invoke(TestInvoker.java:804)
at org.testng.internal.TestInvoker.invokeTestMethods(TestInvoker.java:145)
at org.testng.internal.TestMethodWorker.invokeTestMethods(TestMethodWorker.java:146)
at org.testng.internal.TestMethodWorker.run(TestMethodWorker.java:128)
at java.base/java.util.ArrayList.forEach(ArrayList.java:1541)
at org.testng.TestRunner.privateRun(TestRunner.java:770)
at org.testng.TestRunner.run(TestRunner.java:591)
at org.testng.SuiteRunner.runTest(SuiteRunner.java:402)
at org.testng.SuiteRunner.runSequentially(SuiteRunner.java:396)
at org.testng.SuiteRunner.privateRun(SuiteRunner.java:355)
at org.testng.SuiteRunner.run(SuiteRunner.java:304)
at org.testng.SuiteRunnerWorker.runSuite(SuiteRunnerWorker.java:53)
at org.testng.SuiteRunnerWorker.run(SuiteRunnerWorker.java:96)
at org.testng.TestNG.runSuitesSequentially(TestNG.java:1180)
at org.testng.TestNG.runSuitesLocally(TestNG.java:1102)
at org.testng.TestNG.runSuites(TestNG.java:1032)
at org.testng.TestNG.run(TestNG.java:1000)
at org.apache.maven.surefire.testng.TestNGExecutor.run(TestNGExecutor.java:155)
at org.apache.maven.surefire.testng.TestNGDirectoryTestSuite.executeMulti(TestNGDirectoryTestSuite.java:169)
at org.apache.maven.surefire.testng.TestNGDirectoryTestSuite.execute(TestNGDirectoryTestSuite.java:88)
at org.apache.maven.surefire.testng.TestNGProvider.invoke(TestNGProvider.java:137)
at org.apache.maven.surefire.booter.ForkedBooter.runSuitesInProcess(ForkedBooter.java:385)
at org.apache.maven.surefire.booter.ForkedBooter.execute(ForkedBooter.java:162)
at org.apache.maven.surefire.booter.ForkedBooter.run(ForkedBooter.java:507)
at org.apache.maven.surefire.booter.ForkedBooter.main(ForkedBooter.java:495)
]]>
            </full-stacktrace>
          </exception> <!-- java.lang.AssertionError -->
          <reporter-output>
          </reporter-output>
        </test-method> <!-- getProductsTest_1 -->
      </class> <!-- GETAPITestsWithoutBDD.ProductAPIsTest -->
      <class name="AuthAPIs.AuthAPIsTest">
        <test-method signature="basicAuthTest()[pri:0, instance:AuthAPIs.AuthAPIsTest@7dcf94f8]" started-at="2025-04-15T00:07:42 IST" name="basicAuthTest" finished-at="2025-04-15T00:07:44 IST" duration-ms="1939" status="PASS">
          <reporter-output>
          </reporter-output>
        </test-method> <!-- basicAuthTest -->
        <test-method signature="digestiveAuthTest()[pri:0, instance:AuthAPIs.AuthAPIsTest@7dcf94f8]" started-at="2025-04-15T00:07:44 IST" name="digestiveAuthTest" finished-at="2025-04-15T00:07:46 IST" duration-ms="1600" status="PASS">
          <reporter-output>
          </reporter-output>
        </test-method> <!-- digestiveAuthTest -->
        <test-method signature="preemptiveAuthTest()[pri:0, instance:AuthAPIs.AuthAPIsTest@7dcf94f8]" started-at="2025-04-15T00:07:46 IST" name="preemptiveAuthTest" finished-at="2025-04-15T00:07:47 IST" duration-ms="1496" status="PASS">
          <reporter-output>
          </reporter-output>
        </test-method> <!-- preemptiveAuthTest -->
      </class> <!-- AuthAPIs.AuthAPIsTest -->
    </test> <!-- Surefire test -->
  </suite> <!-- Surefire suite -->
</testng-results>
